<?xml version="1.0" encoding="UTF-8"?>
<testsuite name="com.ford.purchasing.wips.domain.lumpsum.service.LumpSumDetailASTest" tests="22" skipped="0" failures="0" errors="0" timestamp="2016-11-09T09:36:17" hostname="WGC100HHBHH92" time="0.298">
  <properties/>
  <testcase name="imsExceptionDuringAuthentication_saveLumpsum" classname="com.ford.purchasing.wips.domain.lumpsum.service.LumpSumDetailASTest" time="0.004"/>
  <testcase name="connectorExceptionDueAuthenticationFailure" classname="com.ford.purchasing.wips.domain.lumpsum.service.LumpSumDetailASTest" time="0.006"/>
  <testcase name="saveLumpSumDetails" classname="com.ford.purchasing.wips.domain.lumpsum.service.LumpSumDetailASTest" time="0.022"/>
  <testcase name="retrieveLumpSumDetails" classname="com.ford.purchasing.wips.domain.lumpsum.service.LumpSumDetailASTest" time="0.011"/>
  <testcase name="amendmentsForLumpSum" classname="com.ford.purchasing.wips.domain.lumpsum.service.LumpSumDetailASTest" time="0.0"/>
  <testcase name="retrieveLumpSumDetailsLatestAmendment" classname="com.ford.purchasing.wips.domain.lumpsum.service.LumpSumDetailASTest" time="0.001"/>
  <testcase name="approveLumpSum_WithWarning" classname="com.ford.purchasing.wips.domain.lumpsum.service.LumpSumDetailASTest" time="0.006"/>
  <testcase name="confirmPaymentDesc" classname="com.ford.purchasing.wips.domain.lumpsum.service.LumpSumDetailASTest" time="0.005"/>
  <testcase name="approveLumpSum_WithoutWarning" classname="com.ford.purchasing.wips.domain.lumpsum.service.LumpSumDetailASTest" time="0.005"/>
  <testcase name="resourceExceptionDuringAuthentication" classname="com.ford.purchasing.wips.domain.lumpsum.service.LumpSumDetailASTest" time="0.004"/>
  <testcase name="retrieveLumpSumDetailsForAmendmentGreaterThanLatest" classname="com.ford.purchasing.wips.domain.lumpsum.service.LumpSumDetailASTest" time="0.001"/>
  <testcase name="rejectLumpSum" classname="com.ford.purchasing.wips.domain.lumpsum.service.LumpSumDetailASTest" time="0.005"/>
  <testcase name="confirmApproveLumpSum_WithWarning" classname="com.ford.purchasing.wips.domain.lumpsum.service.LumpSumDetailASTest" time="0.006"/>
  <testcase name="imsExceptionDuringAuthentication_confirmPayment" classname="com.ford.purchasing.wips.domain.lumpsum.service.LumpSumDetailASTest" time="0.003"/>
  <testcase name="amendmentsForLumpSumWithZeroVersion" classname="com.ford.purchasing.wips.domain.lumpsum.service.LumpSumDetailASTest" time="0.0"/>
  <testcase name="imsExceptionDuringAuthentication" classname="com.ford.purchasing.wips.domain.lumpsum.service.LumpSumDetailASTest" time="0.003"/>
  <testcase name="saveLumpSumDetails_AltJobCode" classname="com.ford.purchasing.wips.domain.lumpsum.service.LumpSumDetailASTest" time="0.01"/>
  <testcase name="connectorExceptionDueAuthenticationFailure_saveLumpsum" classname="com.ford.purchasing.wips.domain.lumpsum.service.LumpSumDetailASTest" time="0.005"/>
  <testcase name="sqlExceptionWhenRetrievingLumpSumGsaAudit" classname="com.ford.purchasing.wips.domain.lumpsum.service.LumpSumDetailASTest" time="0.008"/>
  <testcase name="resourceExceptionDuringAuthentication_saveLumpsum" classname="com.ford.purchasing.wips.domain.lumpsum.service.LumpSumDetailASTest" time="0.006"/>
  <testcase name="resourceExceptionDuringAuthentication_confirmPayment" classname="com.ford.purchasing.wips.domain.lumpsum.service.LumpSumDetailASTest" time="0.005"/>
  <testcase name="retrieveLumpSumDetailsPreviousAmendment" classname="com.ford.purchasing.wips.domain.lumpsum.service.LumpSumDetailASTest" time="0.0"/>
  <system-out><![CDATA[]]></system-out>
  <system-err><![CDATA[Nov 09, 2016 3:06:17 PM com.ford.it.connector.ConnectorContextInitializer initialize
INFO: OperationConfiguration
Name: AAIMA02L
implementationClassName: com.ford.it.connector.ims.ManagedImsOperation
inputRecordResource: AAIMG53X-Input.xml
outputRecordResource: AAIMA02L-Output.xml
conversionName: USA_CODEPAGE_037
userName: 
ltermName: null
password: ****
tranCode: AAIMG53X
datastoreName: null
hostName: null
port: 0
jndiName: eis/ims/RT/IMSTB
responseMode: Response
socketTimeout: 0
Nov 09, 2016 3:06:17 PM com.ford.it.connector.ConnectorContextInitializer initialize
INFO: OperationConfiguration
Name: AAIMA02L-C36U
implementationClassName: com.ford.it.connector.ims.ManagedImsOperation
inputRecordResource: AAIMA02L-Input.xml
outputRecordResource: AAIMC36U-Output.xml
conversionName: USA_CODEPAGE_037
userName: 
ltermName: null
password: ****
tranCode: AAIMA02L
datastoreName: null
hostName: null
port: 0
jndiName: eis/ims/RT/IMSTB
responseMode: Response
socketTimeout: 0
Nov 09, 2016 3:06:17 PM com.ford.it.connector.ConnectorContextInitializer initialize
INFO: OperationConfiguration
Name: AAIMC32U
implementationClassName: com.ford.it.connector.ims.ManagedImsOperation
inputRecordResource: AAIMC32U-Input.xml
outputRecordResource: AAIMC32U-Output.xml
conversionName: USA_CODEPAGE_037
userName: 
ltermName: null
password: ****
tranCode: AAIMC32U
datastoreName: null
hostName: null
port: 0
jndiName: eis/ims/RT/IMSTB
responseMode: Response
socketTimeout: 0
Nov 09, 2016 3:06:17 PM com.ford.it.connector.ConnectorContextInitializer initialize
INFO: OperationConfiguration
Name: AAIMC32U-C34U
implementationClassName: com.ford.it.connector.ims.ManagedImsOperation
inputRecordResource: AAIMC32U-Input.xml
outputRecordResource: AAIMC34U-Output.xml
conversionName: USA_CODEPAGE_037
userName: 
ltermName: null
password: ****
tranCode: AAIMC32U
datastoreName: null
hostName: null
port: 0
jndiName: eis/ims/RT/IMSTB
responseMode: Response
socketTimeout: 0
Nov 09, 2016 3:06:17 PM com.ford.it.connector.ConnectorContextInitializer initialize
INFO: OperationConfiguration
Name: AAIMC32U-Q01X
implementationClassName: com.ford.it.connector.ims.ManagedImsOperation
inputRecordResource: AAIMC32U-Input.xml
outputRecordResource: AAIMQ01X-Output.xml
conversionName: USA_CODEPAGE_037
userName: 
ltermName: null
password: ****
tranCode: AAIMC32U
datastoreName: null
hostName: null
port: 0
jndiName: eis/ims/RT/IMSTB
responseMode: Response
socketTimeout: 0
Nov 09, 2016 3:06:17 PM com.ford.it.connector.ConnectorContextInitializer initialize
INFO: OperationConfiguration
Name: AAIMC32U-S01O
implementationClassName: com.ford.it.connector.ims.ManagedImsOperation
inputRecordResource: AAIMC32U-Input.xml
outputRecordResource: AAIMS010-Output.xml
conversionName: USA_CODEPAGE_037
userName: 
ltermName: null
password: ****
tranCode: AAIMC32U
datastoreName: null
hostName: null
port: 0
jndiName: eis/ims/RT/IMSTB
responseMode: Response
socketTimeout: 0
Nov 09, 2016 3:06:17 PM com.ford.it.connector.ConnectorContextInitializer initialize
INFO: OperationConfiguration
Name: AAIMC32U_C33U
implementationClassName: com.ford.it.connector.ims.ManagedImsOperation
inputRecordResource: AAIMC32U-Input.xml
outputRecordResource: AAIMC33U-Output.xml
conversionName: USA_CODEPAGE_037
userName: 
ltermName: null
password: ****
tranCode: AAIMC32U
datastoreName: null
hostName: null
port: 0
jndiName: eis/ims/RT/IMSTB
responseMode: Response
socketTimeout: 0
Nov 09, 2016 3:06:17 PM com.ford.it.connector.ConnectorContextInitializer initialize
INFO: OperationConfiguration
Name: AAIMC33U
implementationClassName: com.ford.it.connector.ims.ManagedImsOperation
inputRecordResource: AAIMC33U-Input.xml
outputRecordResource: AAIMC33U-Output.xml
conversionName: USA_CODEPAGE_037
userName: 
ltermName: null
password: ****
tranCode: AAIMC33U
datastoreName: null
hostName: null
port: 0
jndiName: eis/ims/RT/IMSTB
responseMode: Response
socketTimeout: 0
Nov 09, 2016 3:06:17 PM com.ford.it.connector.ConnectorContextInitializer initialize
INFO: OperationConfiguration
Name: AAIMC33U-M00M
implementationClassName: com.ford.it.connector.ims.ManagedImsOperation
inputRecordResource: AAIMC33U-Input.xml
outputRecordResource: AAIMM00M-Output.xml
conversionName: USA_CODEPAGE_037
userName: 
ltermName: null
password: ****
tranCode: AAIMC33U
datastoreName: null
hostName: null
port: 0
jndiName: eis/ims/RT/IMSTB
responseMode: Response
socketTimeout: 0
Nov 09, 2016 3:06:17 PM com.ford.it.connector.ConnectorContextInitializer initialize
INFO: OperationConfiguration
Name: AAIMC33U_C32U
implementationClassName: com.ford.it.connector.ims.ManagedImsOperation
inputRecordResource: AAIMC33U-Input.xml
outputRecordResource: AAIMC32U-Output.xml
conversionName: USA_CODEPAGE_037
userName: 
ltermName: null
password: ****
tranCode: AAIMC33U
datastoreName: null
hostName: null
port: 0
jndiName: eis/ims/RT/IMSTB
responseMode: Response
socketTimeout: 0
Nov 09, 2016 3:06:17 PM com.ford.it.connector.ConnectorContextInitializer initialize
INFO: OperationConfiguration
Name: AAIMC33U_CR5X
implementationClassName: com.ford.it.connector.ims.ManagedImsOperation
inputRecordResource: AAIMC33U-Input.xml
outputRecordResource: AAIMCR5X-Output.xml
conversionName: USA_CODEPAGE_037
userName: 
ltermName: null
password: ****
tranCode: AAIMC33U
datastoreName: null
hostName: null
port: 0
jndiName: eis/ims/RT/IMSTB
responseMode: Response
socketTimeout: 0
Nov 09, 2016 3:06:17 PM com.ford.it.connector.ConnectorContextInitializer initialize
INFO: OperationConfiguration
Name: AAIMC34U-C32U
implementationClassName: com.ford.it.connector.ims.ManagedImsOperation
inputRecordResource: AAIMC34U-Input.xml
outputRecordResource: AAIMC32U-Output.xml
conversionName: USA_CODEPAGE_037
userName: 
ltermName: null
password: ****
tranCode: AAIMC34U
datastoreName: null
hostName: null
port: 0
jndiName: eis/ims/RT/IMSTB
responseMode: Response
socketTimeout: 0
Nov 09, 2016 3:06:17 PM com.ford.it.connector.ConnectorContextInitializer initialize
INFO: OperationConfiguration
Name: AAIMC36U-C38V
implementationClassName: com.ford.it.connector.ims.ManagedImsOperation
inputRecordResource: AAIMC36U-Input.xml
outputRecordResource: AAIMC38V-Output.xml
conversionName: USA_CODEPAGE_037
userName: 
ltermName: null
password: ****
tranCode: AAIMC36U
datastoreName: null
hostName: null
port: 0
jndiName: eis/ims/RT/IMSTB
responseMode: Response
socketTimeout: 0
Nov 09, 2016 3:06:17 PM com.ford.it.connector.ConnectorContextInitializer initialize
INFO: OperationConfiguration
Name: AAIMC36U-CR1X
implementationClassName: com.ford.it.connector.ims.ManagedImsOperation
inputRecordResource: AAIMC36U-Input.xml
outputRecordResource: AAIMCR1X-Output.xml
conversionName: USA_CODEPAGE_037
userName: 
ltermName: null
password: ****
tranCode: AAIMC36U
datastoreName: null
hostName: null
port: 0
jndiName: eis/ims/RT/IMSTB
responseMode: Response
socketTimeout: 0
Nov 09, 2016 3:06:17 PM com.ford.it.connector.ConnectorContextInitializer initialize
INFO: OperationConfiguration
Name: AAIMCR1X-CR3V
implementationClassName: com.ford.it.connector.ims.ManagedImsOperation
inputRecordResource: AAIMCR1X-Input.xml
outputRecordResource: AAIMCR3V-Output.xml
conversionName: USA_CODEPAGE_037
userName: 
ltermName: null
password: ****
tranCode: AAIMCR1X
datastoreName: null
hostName: null
port: 0
jndiName: eis/ims/RT/IMSTB
responseMode: Response
socketTimeout: 0
Nov 09, 2016 3:06:17 PM com.ford.it.connector.ConnectorContextInitializer initialize
INFO: OperationConfiguration
Name: AAIMCR5X
implementationClassName: com.ford.it.connector.ims.ManagedImsOperation
inputRecordResource: AAIMCR5X-Input.xml
outputRecordResource: AAIMCR5X-Output.xml
conversionName: USA_CODEPAGE_037
userName: 
ltermName: null
password: ****
tranCode: AAIMCR5X
datastoreName: null
hostName: null
port: 0
jndiName: eis/ims/RT/IMSTB
responseMode: Response
socketTimeout: 0
Nov 09, 2016 3:06:17 PM com.ford.it.connector.ConnectorContextInitializer initialize
INFO: OperationConfiguration
Name: AAIMCR5X_C33U
implementationClassName: com.ford.it.connector.ims.ManagedImsOperation
inputRecordResource: AAIMCR5X-Input.xml
outputRecordResource: AAIMC33U-Output.xml
conversionName: USA_CODEPAGE_037
userName: 
ltermName: null
password: ****
tranCode: AAIMCR5X
datastoreName: null
hostName: null
port: 0
jndiName: eis/ims/RT/IMSTB
responseMode: Response
socketTimeout: 0
Nov 09, 2016 3:06:17 PM com.ford.it.connector.ConnectorContextInitializer initialize
INFO: OperationConfiguration
Name: AAIMEPPS
implementationClassName: com.ford.it.connector.ims.ManagedImsOperation
inputRecordResource: AAIMEPPS-Input.xml
outputRecordResource: AAIMM00M-Output.xml
conversionName: USA_CODEPAGE_037
userName: 
ltermName: null
password: ****
tranCode: AAIMEPPS
datastoreName: null
hostName: null
port: 0
jndiName: eis/ims/RT/IMSTB
responseMode: Response
socketTimeout: 0
Nov 09, 2016 3:06:17 PM com.ford.it.connector.ConnectorContextInitializer initialize
INFO: OperationConfiguration
Name: AAIMG51X
implementationClassName: com.ford.it.connector.ims.ManagedImsOperation
inputRecordResource: AAIMG51X-Input.xml
outputRecordResource: AAIMG53X-Output.xml
conversionName: USA_CODEPAGE_037
userName: 
ltermName: null
password: ****
tranCode: AAIMG51X
datastoreName: null
hostName: null
port: 0
jndiName: eis/ims/RT/IMSTB
responseMode: Response
socketTimeout: 0
Nov 09, 2016 3:06:17 PM com.ford.it.connector.ConnectorContextInitializer initialize
INFO: OperationConfiguration
Name: AAIMG52X-G55X
implementationClassName: com.ford.it.connector.ims.ManagedImsOperation
inputRecordResource: AAIMG52X-Input.xml
outputRecordResource: AAIMG55X-Output.xml
conversionName: USA_CODEPAGE_037
userName: 
ltermName: null
password: ****
tranCode: AAIMG52X
datastoreName: null
hostName: null
port: 0
jndiName: eis/ims/RT/IMSTB
responseMode: Response
socketTimeout: 0
Nov 09, 2016 3:06:17 PM com.ford.it.connector.ConnectorContextInitializer initialize
INFO: OperationConfiguration
Name: AAIMG53X
implementationClassName: com.ford.it.connector.ims.ManagedImsOperation
inputRecordResource: AAIMG53X-Input.xml
outputRecordResource: AAIMG53X-Output.xml
conversionName: USA_CODEPAGE_037
userName: 
ltermName: null
password: ****
tranCode: AAIMG53X
datastoreName: null
hostName: null
port: 0
jndiName: eis/ims/RT/IMSTB
responseMode: Response
socketTimeout: 0
Nov 09, 2016 3:06:17 PM com.ford.it.connector.ConnectorContextInitializer initialize
INFO: OperationConfiguration
Name: AAIMG53X-G52X
implementationClassName: com.ford.it.connector.ims.ManagedImsOperation
inputRecordResource: AAIMG53X-Input.xml
outputRecordResource: AAIMG52X-Output.xml
conversionName: USA_CODEPAGE_037
userName: 
ltermName: null
password: ****
tranCode: AAIMG53X
datastoreName: null
hostName: null
port: 0
jndiName: eis/ims/RT/IMSTB
responseMode: Response
socketTimeout: 0
Nov 09, 2016 3:06:17 PM com.ford.it.connector.ConnectorContextInitializer initialize
INFO: OperationConfiguration
Name: AAIMG53X-G56X
implementationClassName: com.ford.it.connector.ims.ManagedImsOperation
inputRecordResource: AAIMG53X-Input.xml
outputRecordResource: AAIMG56X-Output.xml
conversionName: USA_CODEPAGE_037
userName: 
ltermName: null
password: ****
tranCode: AAIMG53X
datastoreName: null
hostName: null
port: 0
jndiName: eis/ims/RT/IMSTB
responseMode: Response
socketTimeout: 0
Nov 09, 2016 3:06:17 PM com.ford.it.connector.ConnectorContextInitializer initialize
INFO: OperationConfiguration
Name: AAIMG53X-S010
implementationClassName: com.ford.it.connector.ims.ManagedImsOperation
inputRecordResource: AAIMG53X-Input.xml
outputRecordResource: AAIMS010-Output.xml
conversionName: USA_CODEPAGE_037
userName: 
ltermName: null
password: ****
tranCode: AAIMG53X
datastoreName: null
hostName: null
port: 0
jndiName: eis/ims/RT/IMSTB
responseMode: Response
socketTimeout: 0
Nov 09, 2016 3:06:17 PM com.ford.it.connector.ConnectorContextInitializer initialize
INFO: OperationConfiguration
Name: AAIMG55X
implementationClassName: com.ford.it.connector.ims.ManagedImsOperation
inputRecordResource: AAIMG55X-Input.xml
outputRecordResource: AAIMG55X-Output.xml
conversionName: USA_CODEPAGE_037
userName: 
ltermName: null
password: ****
tranCode: AAIMG55X
datastoreName: null
hostName: null
port: 0
jndiName: eis/ims/RT/IMSTB
responseMode: Response
socketTimeout: 0
Nov 09, 2016 3:06:17 PM com.ford.it.connector.ConnectorContextInitializer initialize
INFO: OperationConfiguration
Name: AAIMG56X
implementationClassName: com.ford.it.connector.ims.ManagedImsOperation
inputRecordResource: AAIMG56X-Input.xml
outputRecordResource: AAIMG56X-Output.xml
conversionName: USA_CODEPAGE_037
userName: 
ltermName: null
password: ****
tranCode: AAIMG56X
datastoreName: null
hostName: null
port: 0
jndiName: eis/ims/RT/IMSTB
responseMode: Response
socketTimeout: 0
Nov 09, 2016 3:06:17 PM com.ford.it.connector.ConnectorContextInitializer initialize
INFO: OperationConfiguration
Name: AAIMG56X-S01I0
implementationClassName: com.ford.it.connector.ims.ManagedImsOperation
inputRecordResource: AAIMG56X-Input.xml
outputRecordResource: AAIMS010-Output.xml
conversionName: USA_CODEPAGE_037
userName: 
ltermName: null
password: ****
tranCode: AAIMG56X
datastoreName: null
hostName: null
port: 0
jndiName: eis/ims/RT/IMSTB
responseMode: Response
socketTimeout: 0
Nov 09, 2016 3:06:17 PM com.ford.it.connector.ConnectorContextInitializer initialize
INFO: OperationConfiguration
Name: AAIMM00M
implementationClassName: com.ford.it.connector.ims.ManagedImsOperation
inputRecordResource: AAIMM00M-Input.xml
outputRecordResource: AAIMM00M-Output.xml
conversionName: USA_CODEPAGE_037
userName: 
ltermName: null
password: ****
tranCode: AAIMM00M
datastoreName: null
hostName: null
port: 0
jndiName: eis/ims/RT/IMSTB
responseMode: Response
socketTimeout: 0
Nov 09, 2016 3:06:17 PM com.ford.it.connector.ConnectorContextInitializer initialize
INFO: OperationConfiguration
Name: AAIMM00M-Q01X
implementationClassName: com.ford.it.connector.ims.ManagedImsOperation
inputRecordResource: AAIMM00M-Input.xml
outputRecordResource: AAIMQ01X-Output.xml
conversionName: USA_CODEPAGE_037
userName: 
ltermName: null
password: ****
tranCode: AAIMM00M
datastoreName: null
hostName: null
port: 0
jndiName: eis/ims/RT/IMSTB
responseMode: Response
socketTimeout: 0
Nov 09, 2016 3:06:17 PM com.ford.it.connector.ConnectorContextInitializer initialize
INFO: OperationConfiguration
Name: AAIMM00M-Q43L
implementationClassName: com.ford.it.connector.ims.ManagedImsOperation
inputRecordResource: AAIMM00M-Input.xml
outputRecordResource: AAIMQ43L-Output.xml
conversionName: USA_CODEPAGE_037
userName: 
ltermName: null
password: ****
tranCode: AAIMM00M
datastoreName: null
hostName: null
port: 0
jndiName: eis/ims/RT/IMSTB
responseMode: Response
socketTimeout: 0
Nov 09, 2016 3:06:17 PM com.ford.it.connector.ConnectorContextInitializer initialize
INFO: OperationConfiguration
Name: AAIMQ01X
implementationClassName: com.ford.it.connector.ims.ManagedImsOperation
inputRecordResource: AAIMQ01X-Input.xml
outputRecordResource: AAIMQ01X-Output.xml
conversionName: USA_CODEPAGE_037
userName: 
ltermName: null
password: ****
tranCode: AAIMQ01X
datastoreName: null
hostName: null
port: 0
jndiName: eis/ims/RT/IMSTB
responseMode: Response
socketTimeout: 0
Nov 09, 2016 3:06:17 PM com.ford.it.connector.ConnectorContextInitializer initialize
INFO: OperationConfiguration
Name: AAIMQ01X-C32U
implementationClassName: com.ford.it.connector.ims.ManagedImsOperation
inputRecordResource: AAIMQ01X-Input.xml
outputRecordResource: AAIMC32U-Output.xml
conversionName: USA_CODEPAGE_037
userName: 
ltermName: null
password: ****
tranCode: AAIMQ01X
datastoreName: null
hostName: null
port: 0
jndiName: eis/ims/RT/IMSTB
responseMode: Response
socketTimeout: 0
Nov 09, 2016 3:06:17 PM com.ford.it.connector.ConnectorContextInitializer initialize
INFO: OperationConfiguration
Name: AAIMQ01X-G51X
implementationClassName: com.ford.it.connector.ims.ManagedImsOperation
inputRecordResource: AAIMQ01X-Input.xml
outputRecordResource: AAIMG51X-Output.xml
conversionName: USA_CODEPAGE_037
userName: 
ltermName: null
password: ****
tranCode: AAIMQ01X
datastoreName: null
hostName: null
port: 0
jndiName: eis/ims/RT/IMSTB
responseMode: Response
socketTimeout: 0
Nov 09, 2016 3:06:17 PM com.ford.it.connector.ConnectorContextInitializer initialize
INFO: OperationConfiguration
Name: AAIMQ01X-G53X
implementationClassName: com.ford.it.connector.ims.ManagedImsOperation
inputRecordResource: AAIMQ01X-Input.xml
outputRecordResource: AAIMG53X-Output.xml
conversionName: USA_CODEPAGE_037
userName: 
ltermName: null
password: ****
tranCode: AAIMQ01X
datastoreName: null
hostName: null
port: 0
jndiName: eis/ims/RT/IMSTB
responseMode: Response
socketTimeout: 0
Nov 09, 2016 3:06:17 PM com.ford.it.connector.ConnectorContextInitializer initialize
INFO: OperationConfiguration
Name: AAIMQ43L
implementationClassName: com.ford.it.connector.ims.ManagedImsOperation
inputRecordResource: AAIMQ43L-Input.xml
outputRecordResource: AAIMQ43L-Output.xml
conversionName: USA_CODEPAGE_037
userName: 
ltermName: null
password: ****
tranCode: AAIMQ43L
datastoreName: null
hostName: null
port: 0
jndiName: eis/ims/RT/IMSTB
responseMode: Response
socketTimeout: 0
Nov 09, 2016 3:06:17 PM com.ford.it.connector.ConnectorContextInitializer initialize
INFO: OperationConfiguration
Name: AAIMQ43L-C36U
implementationClassName: com.ford.it.connector.ims.ManagedImsOperation
inputRecordResource: AAIMQ43L-Input.xml
outputRecordResource: AAIMC36U-Output.xml
conversionName: USA_CODEPAGE_037
userName: 
ltermName: null
password: ****
tranCode: AAIMQ43L
datastoreName: null
hostName: null
port: 0
jndiName: eis/ims/RT/IMSTB
responseMode: Response
socketTimeout: 0
Nov 09, 2016 3:06:17 PM com.ford.it.connector.ConnectorContextInitializer initialize
INFO: OperationConfiguration
Name: AAIMS010-S011
implementationClassName: com.ford.it.connector.ims.ManagedImsOperation
inputRecordResource: AAIMS010-Input.xml
outputRecordResource: AAIMQ01X-Output.xml
conversionName: USA_CODEPAGE_037
userName: 
ltermName: null
password: ****
tranCode: AAIMS01I
datastoreName: null
hostName: null
port: 0
jndiName: eis/ims/RT/IMSTB
responseMode: Response
socketTimeout: 0
Nov 09, 2016 3:06:17 PM com.ford.it.connector.ConnectorContextInitializer initialize
INFO: OperationConfiguration
Name: AAIMS01O-C32U
implementationClassName: com.ford.it.connector.ims.ManagedImsOperation
inputRecordResource: AAIMS010-Input.xml
outputRecordResource: AAIMC32U-Output.xml
conversionName: USA_CODEPAGE_037
userName: 
ltermName: null
password: ****
tranCode: AAIMS01I
datastoreName: null
hostName: null
port: 0
jndiName: eis/ims/RT/IMSTB
responseMode: Response
socketTimeout: 0
Nov 09, 2016 3:06:17 PM com.ford.it.connector.ConnectorContextInitializer initialize
INFO: ConversionStrategyConfiguration
CodePage:037
CharacterEncoding:Cp037
UserDateCodePage:037
MachineType:MVS
FloatingPointFormat:IBM
Endian:BIGENDIAN
RemoteIntegerEndian:BIGENDIAN
Nov 09, 2016 3:06:17 PM com.ford.it.crypt.symmetric.SymmetricCrypt decrypt()
SEVERE: 

	com.ford.it.crypt.symmetric.CryptException for user [UnKnown] self logged on Nov 09, 2016 03:06:17 PM.
	Exception instance reference code [13ECC4BA-F52E-0689-4871-F5464871F546].

com.ford.it.crypt.symmetric.CryptException: The string to decrypt must be a valid BASE64 encoded String (The length must be divisible by 4 and can only include characters A-Z, a-z, 0-9, +, /, =). Use the encrypt method to ensure a properly encrypted string to decrypt.
	at com.ford.it.crypt.symmetric.SymmetricCrypt.decrypt(SymmetricCrypt.java:328)
	at com.ford.purchasing.wips.common.layer.util.CryptUtil.decrypt(CryptUtil.java:43)
	at com.ford.purchasing.wips.common.layer.util.WipsUtil.decrpyt(WipsUtil.java:121)
	at com.ford.purchasing.wips.common.layer.WipsBaseRequest.getLterm(WipsBaseRequest.java:51)
	at com.ford.purchasing.wips.domain.layer.WipsBaseAS.populateEppsInput(WipsBaseAS.java:99)
	at com.ford.purchasing.wips.domain.layer.WipsBaseAS.executeEppsCallForAuthentication(WipsBaseAS.java:67)
	at com.ford.purchasing.wips.domain.lumpsum.service.LumpSumDetailAS.retrieveLatestAmendmentDetails(LumpSumDetailAS.java:557)
	at com.ford.purchasing.wips.domain.lumpsum.service.LumpSumDetailAS.saveLumpSumDetails(LumpSumDetailAS.java:200)
	at com.ford.purchasing.wips.domain.lumpsum.service.LumpSumDetailASTest.imsExceptionDuringAuthentication_saveLumpsum(LumpSumDetailASTest.java:661)
	at sun.reflect.NativeMethodAccessorImpl.invoke0(Native Method)
	at sun.reflect.NativeMethodAccessorImpl.invoke(NativeMethodAccessorImpl.java:57)
	at sun.reflect.DelegatingMethodAccessorImpl.invoke(DelegatingMethodAccessorImpl.java:43)
	at java.lang.reflect.Method.invoke(Method.java:606)
	at org.junit.runners.model.FrameworkMethod$1.runReflectiveCall(FrameworkMethod.java:50)
	at org.junit.internal.runners.model.ReflectiveCallable.run(ReflectiveCallable.java:12)
	at org.junit.runners.model.FrameworkMethod.invokeExplosively(FrameworkMethod.java:47)
	at org.junit.internal.runners.statements.InvokeMethod.evaluate(InvokeMethod.java:17)
	at org.junit.runners.ParentRunner.runLeaf(ParentRunner.java:325)
	at org.junit.runners.BlockJUnit4ClassRunner.runChild(BlockJUnit4ClassRunner.java:78)
	at org.junit.runners.BlockJUnit4ClassRunner.runChild(BlockJUnit4ClassRunner.java:57)
	at org.junit.runners.ParentRunner$3.run(ParentRunner.java:290)
	at org.junit.runners.ParentRunner$1.schedule(ParentRunner.java:71)
	at org.junit.runners.ParentRunner.runChildren(ParentRunner.java:288)
	at org.junit.runners.ParentRunner.access$000(ParentRunner.java:58)
	at org.junit.runners.ParentRunner$2.evaluate(ParentRunner.java:268)
	at org.junit.internal.runners.statements.RunBefores.evaluate(RunBefores.java:26)
	at org.junit.runners.ParentRunner.run(ParentRunner.java:363)
	at org.mockito.internal.runners.JUnit45AndHigherRunnerImpl.run(JUnit45AndHigherRunnerImpl.java:37)
	at org.mockito.runners.MockitoJUnitRunner.run(MockitoJUnitRunner.java:62)
	at org.gradle.api.internal.tasks.testing.junit.JUnitTestClassExecuter.runTestClass(JUnitTestClassExecuter.java:114)
	at org.gradle.api.internal.tasks.testing.junit.JUnitTestClassExecuter.execute(JUnitTestClassExecuter.java:57)
	at org.gradle.api.internal.tasks.testing.junit.JUnitTestClassProcessor.processTestClass(JUnitTestClassProcessor.java:66)
	at org.gradle.api.internal.tasks.testing.SuiteTestClassProcessor.processTestClass(SuiteTestClassProcessor.java:51)
	at sun.reflect.GeneratedMethodAccessor6.invoke(Unknown Source)
	at sun.reflect.DelegatingMethodAccessorImpl.invoke(DelegatingMethodAccessorImpl.java:43)
	at java.lang.reflect.Method.invoke(Method.java:606)
	at org.gradle.internal.dispatch.ReflectionDispatch.dispatch(ReflectionDispatch.java:35)
	at org.gradle.internal.dispatch.ReflectionDispatch.dispatch(ReflectionDispatch.java:24)
	at org.gradle.internal.dispatch.ContextClassLoaderDispatch.dispatch(ContextClassLoaderDispatch.java:32)
	at org.gradle.internal.dispatch.ProxyDispatchAdapter$DispatchingInvocationHandler.invoke(ProxyDispatchAdapter.java:93)
	at com.sun.proxy.$Proxy2.processTestClass(Unknown Source)
	at org.gradle.api.internal.tasks.testing.worker.TestWorker.processTestClass(TestWorker.java:109)
	at sun.reflect.GeneratedMethodAccessor5.invoke(Unknown Source)
	at sun.reflect.DelegatingMethodAccessorImpl.invoke(DelegatingMethodAccessorImpl.java:43)
	at java.lang.reflect.Method.invoke(Method.java:606)
	at org.gradle.internal.dispatch.ReflectionDispatch.dispatch(ReflectionDispatch.java:35)
	at org.gradle.internal.dispatch.ReflectionDispatch.dispatch(ReflectionDispatch.java:24)
	at org.gradle.internal.remote.internal.hub.MessageHub$Handler.run(MessageHub.java:377)
	at org.gradle.internal.concurrent.ExecutorPolicy$CatchAndRecordFailures.onExecute(ExecutorPolicy.java:54)
	at org.gradle.internal.concurrent.StoppableExecutorImpl$1.run(StoppableExecutorImpl.java:40)
	at java.util.concurrent.ThreadPoolExecutor.runWorker(ThreadPoolExecutor.java:1145)
	at java.util.concurrent.ThreadPoolExecutor$Worker.run(ThreadPoolExecutor.java:615)
	at java.lang.Thread.run(Thread.java:745)

Nov 09, 2016 3:06:17 PM CLASS_NAME METHOD_NAME
SEVERE: 

	com.ford.purchasing.wips.domain.layer.exception.WipsImsInterfaceException for user [UnKnown] self logged on Nov 09, 2016 03:06:17 PM.
	Exception instance reference code [13ECC4BA-4566-8287-4871-F5524871F552].

com.ford.purchasing.wips.domain.layer.exception.WipsImsInterfaceException: Security failure. RACF call failed
	at com.ford.purchasing.wips.domain.lumpsum.service.LumpSumDetailASTest.connectorExceptionDueAuthenticationFailure(LumpSumDetailASTest.java:198)
	at sun.reflect.NativeMethodAccessorImpl.invoke0(Native Method)
	at sun.reflect.NativeMethodAccessorImpl.invoke(NativeMethodAccessorImpl.java:57)
	at sun.reflect.DelegatingMethodAccessorImpl.invoke(DelegatingMethodAccessorImpl.java:43)
	at java.lang.reflect.Method.invoke(Method.java:606)
	at org.junit.runners.model.FrameworkMethod$1.runReflectiveCall(FrameworkMethod.java:50)
	at org.junit.internal.runners.model.ReflectiveCallable.run(ReflectiveCallable.java:12)
	at org.junit.runners.model.FrameworkMethod.invokeExplosively(FrameworkMethod.java:47)
	at org.junit.internal.runners.statements.InvokeMethod.evaluate(InvokeMethod.java:17)
	at org.junit.runners.ParentRunner.runLeaf(ParentRunner.java:325)
	at org.junit.runners.BlockJUnit4ClassRunner.runChild(BlockJUnit4ClassRunner.java:78)
	at org.junit.runners.BlockJUnit4ClassRunner.runChild(BlockJUnit4ClassRunner.java:57)
	at org.junit.runners.ParentRunner$3.run(ParentRunner.java:290)
	at org.junit.runners.ParentRunner$1.schedule(ParentRunner.java:71)
	at org.junit.runners.ParentRunner.runChildren(ParentRunner.java:288)
	at org.junit.runners.ParentRunner.access$000(ParentRunner.java:58)
	at org.junit.runners.ParentRunner$2.evaluate(ParentRunner.java:268)
	at org.junit.internal.runners.statements.RunBefores.evaluate(RunBefores.java:26)
	at org.junit.runners.ParentRunner.run(ParentRunner.java:363)
	at org.mockito.internal.runners.JUnit45AndHigherRunnerImpl.run(JUnit45AndHigherRunnerImpl.java:37)
	at org.mockito.runners.MockitoJUnitRunner.run(MockitoJUnitRunner.java:62)
	at org.gradle.api.internal.tasks.testing.junit.JUnitTestClassExecuter.runTestClass(JUnitTestClassExecuter.java:114)
	at org.gradle.api.internal.tasks.testing.junit.JUnitTestClassExecuter.execute(JUnitTestClassExecuter.java:57)
	at org.gradle.api.internal.tasks.testing.junit.JUnitTestClassProcessor.processTestClass(JUnitTestClassProcessor.java:66)
	at org.gradle.api.internal.tasks.testing.SuiteTestClassProcessor.processTestClass(SuiteTestClassProcessor.java:51)
	at sun.reflect.GeneratedMethodAccessor6.invoke(Unknown Source)
	at sun.reflect.DelegatingMethodAccessorImpl.invoke(DelegatingMethodAccessorImpl.java:43)
	at java.lang.reflect.Method.invoke(Method.java:606)
	at org.gradle.internal.dispatch.ReflectionDispatch.dispatch(ReflectionDispatch.java:35)
	at org.gradle.internal.dispatch.ReflectionDispatch.dispatch(ReflectionDispatch.java:24)
	at org.gradle.internal.dispatch.ContextClassLoaderDispatch.dispatch(ContextClassLoaderDispatch.java:32)
	at org.gradle.internal.dispatch.ProxyDispatchAdapter$DispatchingInvocationHandler.invoke(ProxyDispatchAdapter.java:93)
	at com.sun.proxy.$Proxy2.processTestClass(Unknown Source)
	at org.gradle.api.internal.tasks.testing.worker.TestWorker.processTestClass(TestWorker.java:109)
	at sun.reflect.GeneratedMethodAccessor5.invoke(Unknown Source)
	at sun.reflect.DelegatingMethodAccessorImpl.invoke(DelegatingMethodAccessorImpl.java:43)
	at java.lang.reflect.Method.invoke(Method.java:606)
	at org.gradle.internal.dispatch.ReflectionDispatch.dispatch(ReflectionDispatch.java:35)
	at org.gradle.internal.dispatch.ReflectionDispatch.dispatch(ReflectionDispatch.java:24)
	at org.gradle.internal.remote.internal.hub.MessageHub$Handler.run(MessageHub.java:377)
	at org.gradle.internal.concurrent.ExecutorPolicy$CatchAndRecordFailures.onExecute(ExecutorPolicy.java:54)
	at org.gradle.internal.concurrent.StoppableExecutorImpl$1.run(StoppableExecutorImpl.java:40)
	at java.util.concurrent.ThreadPoolExecutor.runWorker(ThreadPoolExecutor.java:1145)
	at java.util.concurrent.ThreadPoolExecutor$Worker.run(ThreadPoolExecutor.java:615)
	at java.lang.Thread.run(Thread.java:745)

Nov 09, 2016 3:06:17 PM com.ford.it.crypt.symmetric.SymmetricCrypt decrypt()
SEVERE: 

	com.ford.it.crypt.symmetric.CryptException for user [UnKnown] self logged on Nov 09, 2016 03:06:17 PM.
	Exception instance reference code [13ECC4BA-FE0F-402D-4871-F5544871F554].

com.ford.it.crypt.symmetric.CryptException: The string to decrypt must be a valid BASE64 encoded String (The length must be divisible by 4 and can only include characters A-Z, a-z, 0-9, +, /, =). Use the encrypt method to ensure a properly encrypted string to decrypt.
	at com.ford.it.crypt.symmetric.SymmetricCrypt.decrypt(SymmetricCrypt.java:328)
	at com.ford.purchasing.wips.common.layer.util.CryptUtil.decrypt(CryptUtil.java:43)
	at com.ford.purchasing.wips.common.layer.util.WipsUtil.decrpyt(WipsUtil.java:121)
	at com.ford.purchasing.wips.common.layer.WipsBaseRequest.getLterm(WipsBaseRequest.java:51)
	at com.ford.purchasing.wips.domain.layer.WipsBaseAS.populateEppsInput(WipsBaseAS.java:99)
	at com.ford.purchasing.wips.domain.layer.WipsBaseAS.executeEppsCallForAuthentication(WipsBaseAS.java:67)
	at com.ford.purchasing.wips.domain.lumpsum.service.LumpSumDetailAS.retrieveLatestAmendmentDetails(LumpSumDetailAS.java:557)
	at com.ford.purchasing.wips.domain.lumpsum.service.LumpSumDetailAS.retrieveLumpSumDetail(LumpSumDetailAS.java:135)
	at com.ford.purchasing.wips.domain.lumpsum.service.LumpSumDetailASTest.connectorExceptionDueAuthenticationFailure(LumpSumDetailASTest.java:205)
	at sun.reflect.NativeMethodAccessorImpl.invoke0(Native Method)
	at sun.reflect.NativeMethodAccessorImpl.invoke(NativeMethodAccessorImpl.java:57)
	at sun.reflect.DelegatingMethodAccessorImpl.invoke(DelegatingMethodAccessorImpl.java:43)
	at java.lang.reflect.Method.invoke(Method.java:606)
	at org.junit.runners.model.FrameworkMethod$1.runReflectiveCall(FrameworkMethod.java:50)
	at org.junit.internal.runners.model.ReflectiveCallable.run(ReflectiveCallable.java:12)
	at org.junit.runners.model.FrameworkMethod.invokeExplosively(FrameworkMethod.java:47)
	at org.junit.internal.runners.statements.InvokeMethod.evaluate(InvokeMethod.java:17)
	at org.junit.runners.ParentRunner.runLeaf(ParentRunner.java:325)
	at org.junit.runners.BlockJUnit4ClassRunner.runChild(BlockJUnit4ClassRunner.java:78)
	at org.junit.runners.BlockJUnit4ClassRunner.runChild(BlockJUnit4ClassRunner.java:57)
	at org.junit.runners.ParentRunner$3.run(ParentRunner.java:290)
	at org.junit.runners.ParentRunner$1.schedule(ParentRunner.java:71)
	at org.junit.runners.ParentRunner.runChildren(ParentRunner.java:288)
	at org.junit.runners.ParentRunner.access$000(ParentRunner.java:58)
	at org.junit.runners.ParentRunner$2.evaluate(ParentRunner.java:268)
	at org.junit.internal.runners.statements.RunBefores.evaluate(RunBefores.java:26)
	at org.junit.runners.ParentRunner.run(ParentRunner.java:363)
	at org.mockito.internal.runners.JUnit45AndHigherRunnerImpl.run(JUnit45AndHigherRunnerImpl.java:37)
	at org.mockito.runners.MockitoJUnitRunner.run(MockitoJUnitRunner.java:62)
	at org.gradle.api.internal.tasks.testing.junit.JUnitTestClassExecuter.runTestClass(JUnitTestClassExecuter.java:114)
	at org.gradle.api.internal.tasks.testing.junit.JUnitTestClassExecuter.execute(JUnitTestClassExecuter.java:57)
	at org.gradle.api.internal.tasks.testing.junit.JUnitTestClassProcessor.processTestClass(JUnitTestClassProcessor.java:66)
	at org.gradle.api.internal.tasks.testing.SuiteTestClassProcessor.processTestClass(SuiteTestClassProcessor.java:51)
	at sun.reflect.GeneratedMethodAccessor6.invoke(Unknown Source)
	at sun.reflect.DelegatingMethodAccessorImpl.invoke(DelegatingMethodAccessorImpl.java:43)
	at java.lang.reflect.Method.invoke(Method.java:606)
	at org.gradle.internal.dispatch.ReflectionDispatch.dispatch(ReflectionDispatch.java:35)
	at org.gradle.internal.dispatch.ReflectionDispatch.dispatch(ReflectionDispatch.java:24)
	at org.gradle.internal.dispatch.ContextClassLoaderDispatch.dispatch(ContextClassLoaderDispatch.java:32)
	at org.gradle.internal.dispatch.ProxyDispatchAdapter$DispatchingInvocationHandler.invoke(ProxyDispatchAdapter.java:93)
	at com.sun.proxy.$Proxy2.processTestClass(Unknown Source)
	at org.gradle.api.internal.tasks.testing.worker.TestWorker.processTestClass(TestWorker.java:109)
	at sun.reflect.GeneratedMethodAccessor5.invoke(Unknown Source)
	at sun.reflect.DelegatingMethodAccessorImpl.invoke(DelegatingMethodAccessorImpl.java:43)
	at java.lang.reflect.Method.invoke(Method.java:606)
	at org.gradle.internal.dispatch.ReflectionDispatch.dispatch(ReflectionDispatch.java:35)
	at org.gradle.internal.dispatch.ReflectionDispatch.dispatch(ReflectionDispatch.java:24)
	at org.gradle.internal.remote.internal.hub.MessageHub$Handler.run(MessageHub.java:377)
	at org.gradle.internal.concurrent.ExecutorPolicy$CatchAndRecordFailures.onExecute(ExecutorPolicy.java:54)
	at org.gradle.internal.concurrent.StoppableExecutorImpl$1.run(StoppableExecutorImpl.java:40)
	at java.util.concurrent.ThreadPoolExecutor.runWorker(ThreadPoolExecutor.java:1145)
	at java.util.concurrent.ThreadPoolExecutor$Worker.run(ThreadPoolExecutor.java:615)
	at java.lang.Thread.run(Thread.java:745)

Nov 09, 2016 3:06:17 PM com.ford.it.crypt.symmetric.SymmetricCrypt decrypt()
SEVERE: 

	com.ford.it.crypt.symmetric.CryptException for user [UnKnown] self logged on Nov 09, 2016 03:06:17 PM.
	Exception instance reference code [13ECC4BA-44A6-6A94-4871-F5644871F564].

com.ford.it.crypt.symmetric.CryptException: The string to decrypt must be a valid BASE64 encoded String (The length must be divisible by 4 and can only include characters A-Z, a-z, 0-9, +, /, =). Use the encrypt method to ensure a properly encrypted string to decrypt.
	at com.ford.it.crypt.symmetric.SymmetricCrypt.decrypt(SymmetricCrypt.java:328)
	at com.ford.purchasing.wips.common.layer.util.CryptUtil.decrypt(CryptUtil.java:43)
	at com.ford.purchasing.wips.common.layer.util.WipsUtil.decrpyt(WipsUtil.java:121)
	at com.ford.purchasing.wips.common.layer.WipsBaseRequest.getLterm(WipsBaseRequest.java:51)
	at com.ford.purchasing.wips.domain.layer.WipsBaseAS.populateEppsInput(WipsBaseAS.java:99)
	at com.ford.purchasing.wips.domain.layer.WipsBaseAS.executeEppsCallForAuthentication(WipsBaseAS.java:67)
	at com.ford.purchasing.wips.domain.lumpsum.service.LumpSumDetailAS.retrieveLatestAmendmentDetails(LumpSumDetailAS.java:557)
	at com.ford.purchasing.wips.domain.lumpsum.service.LumpSumDetailAS.saveLumpSumDetails(LumpSumDetailAS.java:200)
	at com.ford.purchasing.wips.domain.lumpsum.service.LumpSumDetailASTest.saveLumpSumDetails(LumpSumDetailASTest.java:449)
	at sun.reflect.NativeMethodAccessorImpl.invoke0(Native Method)
	at sun.reflect.NativeMethodAccessorImpl.invoke(NativeMethodAccessorImpl.java:57)
	at sun.reflect.DelegatingMethodAccessorImpl.invoke(DelegatingMethodAccessorImpl.java:43)
	at java.lang.reflect.Method.invoke(Method.java:606)
	at org.junit.runners.model.FrameworkMethod$1.runReflectiveCall(FrameworkMethod.java:50)
	at org.junit.internal.runners.model.ReflectiveCallable.run(ReflectiveCallable.java:12)
	at org.junit.runners.model.FrameworkMethod.invokeExplosively(FrameworkMethod.java:47)
	at org.junit.internal.runners.statements.InvokeMethod.evaluate(InvokeMethod.java:17)
	at org.junit.runners.ParentRunner.runLeaf(ParentRunner.java:325)
	at org.junit.runners.BlockJUnit4ClassRunner.runChild(BlockJUnit4ClassRunner.java:78)
	at org.junit.runners.BlockJUnit4ClassRunner.runChild(BlockJUnit4ClassRunner.java:57)
	at org.junit.runners.ParentRunner$3.run(ParentRunner.java:290)
	at org.junit.runners.ParentRunner$1.schedule(ParentRunner.java:71)
	at org.junit.runners.ParentRunner.runChildren(ParentRunner.java:288)
	at org.junit.runners.ParentRunner.access$000(ParentRunner.java:58)
	at org.junit.runners.ParentRunner$2.evaluate(ParentRunner.java:268)
	at org.junit.internal.runners.statements.RunBefores.evaluate(RunBefores.java:26)
	at org.junit.runners.ParentRunner.run(ParentRunner.java:363)
	at org.mockito.internal.runners.JUnit45AndHigherRunnerImpl.run(JUnit45AndHigherRunnerImpl.java:37)
	at org.mockito.runners.MockitoJUnitRunner.run(MockitoJUnitRunner.java:62)
	at org.gradle.api.internal.tasks.testing.junit.JUnitTestClassExecuter.runTestClass(JUnitTestClassExecuter.java:114)
	at org.gradle.api.internal.tasks.testing.junit.JUnitTestClassExecuter.execute(JUnitTestClassExecuter.java:57)
	at org.gradle.api.internal.tasks.testing.junit.JUnitTestClassProcessor.processTestClass(JUnitTestClassProcessor.java:66)
	at org.gradle.api.internal.tasks.testing.SuiteTestClassProcessor.processTestClass(SuiteTestClassProcessor.java:51)
	at sun.reflect.GeneratedMethodAccessor6.invoke(Unknown Source)
	at sun.reflect.DelegatingMethodAccessorImpl.invoke(DelegatingMethodAccessorImpl.java:43)
	at java.lang.reflect.Method.invoke(Method.java:606)
	at org.gradle.internal.dispatch.ReflectionDispatch.dispatch(ReflectionDispatch.java:35)
	at org.gradle.internal.dispatch.ReflectionDispatch.dispatch(ReflectionDispatch.java:24)
	at org.gradle.internal.dispatch.ContextClassLoaderDispatch.dispatch(ContextClassLoaderDispatch.java:32)
	at org.gradle.internal.dispatch.ProxyDispatchAdapter$DispatchingInvocationHandler.invoke(ProxyDispatchAdapter.java:93)
	at com.sun.proxy.$Proxy2.processTestClass(Unknown Source)
	at org.gradle.api.internal.tasks.testing.worker.TestWorker.processTestClass(TestWorker.java:109)
	at sun.reflect.GeneratedMethodAccessor5.invoke(Unknown Source)
	at sun.reflect.DelegatingMethodAccessorImpl.invoke(DelegatingMethodAccessorImpl.java:43)
	at java.lang.reflect.Method.invoke(Method.java:606)
	at org.gradle.internal.dispatch.ReflectionDispatch.dispatch(ReflectionDispatch.java:35)
	at org.gradle.internal.dispatch.ReflectionDispatch.dispatch(ReflectionDispatch.java:24)
	at org.gradle.internal.remote.internal.hub.MessageHub$Handler.run(MessageHub.java:377)
	at org.gradle.internal.concurrent.ExecutorPolicy$CatchAndRecordFailures.onExecute(ExecutorPolicy.java:54)
	at org.gradle.internal.concurrent.StoppableExecutorImpl$1.run(StoppableExecutorImpl.java:40)
	at java.util.concurrent.ThreadPoolExecutor.runWorker(ThreadPoolExecutor.java:1145)
	at java.util.concurrent.ThreadPoolExecutor$Worker.run(ThreadPoolExecutor.java:615)
	at java.lang.Thread.run(Thread.java:745)

Nov 09, 2016 3:06:17 PM com.ford.it.logging.JdkMapper info
INFO: String length26 test remarks entered once 
Nov 09, 2016 3:06:17 PM com.ford.it.logging.JdkMapper info
INFO: String length33  test remarks entered second time
Nov 09, 2016 3:06:17 PM com.ford.it.crypt.symmetric.SymmetricCrypt decrypt()
SEVERE: 

	com.ford.it.crypt.symmetric.CryptException for user [UnKnown] self logged on Nov 09, 2016 03:06:17 PM.
	Exception instance reference code [13ECC4BA-246D-73F9-4871-F57E4871F57E].

com.ford.it.crypt.symmetric.CryptException: The string to decrypt must be a valid BASE64 encoded String (The length must be divisible by 4 and can only include characters A-Z, a-z, 0-9, +, /, =). Use the encrypt method to ensure a properly encrypted string to decrypt.
	at com.ford.it.crypt.symmetric.SymmetricCrypt.decrypt(SymmetricCrypt.java:328)
	at com.ford.purchasing.wips.common.layer.util.CryptUtil.decrypt(CryptUtil.java:43)
	at com.ford.purchasing.wips.common.layer.util.WipsUtil.decrpyt(WipsUtil.java:121)
	at com.ford.purchasing.wips.common.layer.WipsBaseRequest.getLterm(WipsBaseRequest.java:51)
	at com.ford.purchasing.wips.domain.layer.WipsBaseAS.populateEppsInput(WipsBaseAS.java:99)
	at com.ford.purchasing.wips.domain.layer.WipsBaseAS.executeEppsCallForAuthentication(WipsBaseAS.java:67)
	at com.ford.purchasing.wips.domain.lumpsum.service.LumpSumDetailAS.retrieveLatestAmendmentDetails(LumpSumDetailAS.java:557)
	at com.ford.purchasing.wips.domain.lumpsum.service.LumpSumDetailAS.retrieveLumpSumDetail(LumpSumDetailAS.java:135)
	at com.ford.purchasing.wips.domain.lumpsum.service.LumpSumDetailASTest.retrieveLumpSumDetails(LumpSumDetailASTest.java:149)
	at sun.reflect.NativeMethodAccessorImpl.invoke0(Native Method)
	at sun.reflect.NativeMethodAccessorImpl.invoke(NativeMethodAccessorImpl.java:57)
	at sun.reflect.DelegatingMethodAccessorImpl.invoke(DelegatingMethodAccessorImpl.java:43)
	at java.lang.reflect.Method.invoke(Method.java:606)
	at org.junit.runners.model.FrameworkMethod$1.runReflectiveCall(FrameworkMethod.java:50)
	at org.junit.internal.runners.model.ReflectiveCallable.run(ReflectiveCallable.java:12)
	at org.junit.runners.model.FrameworkMethod.invokeExplosively(FrameworkMethod.java:47)
	at org.junit.internal.runners.statements.InvokeMethod.evaluate(InvokeMethod.java:17)
	at org.junit.runners.ParentRunner.runLeaf(ParentRunner.java:325)
	at org.junit.runners.BlockJUnit4ClassRunner.runChild(BlockJUnit4ClassRunner.java:78)
	at org.junit.runners.BlockJUnit4ClassRunner.runChild(BlockJUnit4ClassRunner.java:57)
	at org.junit.runners.ParentRunner$3.run(ParentRunner.java:290)
	at org.junit.runners.ParentRunner$1.schedule(ParentRunner.java:71)
	at org.junit.runners.ParentRunner.runChildren(ParentRunner.java:288)
	at org.junit.runners.ParentRunner.access$000(ParentRunner.java:58)
	at org.junit.runners.ParentRunner$2.evaluate(ParentRunner.java:268)
	at org.junit.internal.runners.statements.RunBefores.evaluate(RunBefores.java:26)
	at org.junit.runners.ParentRunner.run(ParentRunner.java:363)
	at org.mockito.internal.runners.JUnit45AndHigherRunnerImpl.run(JUnit45AndHigherRunnerImpl.java:37)
	at org.mockito.runners.MockitoJUnitRunner.run(MockitoJUnitRunner.java:62)
	at org.gradle.api.internal.tasks.testing.junit.JUnitTestClassExecuter.runTestClass(JUnitTestClassExecuter.java:114)
	at org.gradle.api.internal.tasks.testing.junit.JUnitTestClassExecuter.execute(JUnitTestClassExecuter.java:57)
	at org.gradle.api.internal.tasks.testing.junit.JUnitTestClassProcessor.processTestClass(JUnitTestClassProcessor.java:66)
	at org.gradle.api.internal.tasks.testing.SuiteTestClassProcessor.processTestClass(SuiteTestClassProcessor.java:51)
	at sun.reflect.GeneratedMethodAccessor6.invoke(Unknown Source)
	at sun.reflect.DelegatingMethodAccessorImpl.invoke(DelegatingMethodAccessorImpl.java:43)
	at java.lang.reflect.Method.invoke(Method.java:606)
	at org.gradle.internal.dispatch.ReflectionDispatch.dispatch(ReflectionDispatch.java:35)
	at org.gradle.internal.dispatch.ReflectionDispatch.dispatch(ReflectionDispatch.java:24)
	at org.gradle.internal.dispatch.ContextClassLoaderDispatch.dispatch(ContextClassLoaderDispatch.java:32)
	at org.gradle.internal.dispatch.ProxyDispatchAdapter$DispatchingInvocationHandler.invoke(ProxyDispatchAdapter.java:93)
	at com.sun.proxy.$Proxy2.processTestClass(Unknown Source)
	at org.gradle.api.internal.tasks.testing.worker.TestWorker.processTestClass(TestWorker.java:109)
	at sun.reflect.GeneratedMethodAccessor5.invoke(Unknown Source)
	at sun.reflect.DelegatingMethodAccessorImpl.invoke(DelegatingMethodAccessorImpl.java:43)
	at java.lang.reflect.Method.invoke(Method.java:606)
	at org.gradle.internal.dispatch.ReflectionDispatch.dispatch(ReflectionDispatch.java:35)
	at org.gradle.internal.dispatch.ReflectionDispatch.dispatch(ReflectionDispatch.java:24)
	at org.gradle.internal.remote.internal.hub.MessageHub$Handler.run(MessageHub.java:377)
	at org.gradle.internal.concurrent.ExecutorPolicy$CatchAndRecordFailures.onExecute(ExecutorPolicy.java:54)
	at org.gradle.internal.concurrent.StoppableExecutorImpl$1.run(StoppableExecutorImpl.java:40)
	at java.util.concurrent.ThreadPoolExecutor.runWorker(ThreadPoolExecutor.java:1145)
	at java.util.concurrent.ThreadPoolExecutor$Worker.run(ThreadPoolExecutor.java:615)
	at java.lang.Thread.run(Thread.java:745)

Nov 09, 2016 3:06:17 PM com.ford.it.crypt.symmetric.SymmetricCipher doEncryption
SEVERE: 

	com.ford.it.crypt.symmetric.CryptException for user [UnKnown] self logged on Nov 09, 2016 03:06:17 PM.
	Exception instance reference code [13ECC4BA-CC13-771E-4871-F5A14871F5A1].

com.ford.it.crypt.symmetric.CryptException: Error during symmetric encrytpion with algorithm [RC4].
	at com.ford.it.crypt.symmetric.SymmetricCipher.doEncryption(SymmetricCipher.java:183)
	at com.ford.it.crypt.symmetric.SymmetricCrypt.encrypt(SymmetricCrypt.java:147)
	at com.ford.purchasing.wips.common.layer.util.CryptUtil.encrypt(CryptUtil.java:54)
	at com.ford.purchasing.wips.common.layer.util.WipsUtil.encrpyt(WipsUtil.java:109)
	at com.ford.purchasing.wips.domain.lumpsum.service.LumpSumDetailASTest.approveLumpSum_WithWarning(LumpSumDetailASTest.java:749)
	at sun.reflect.NativeMethodAccessorImpl.invoke0(Native Method)
	at sun.reflect.NativeMethodAccessorImpl.invoke(NativeMethodAccessorImpl.java:57)
	at sun.reflect.DelegatingMethodAccessorImpl.invoke(DelegatingMethodAccessorImpl.java:43)
	at java.lang.reflect.Method.invoke(Method.java:606)
	at org.junit.runners.model.FrameworkMethod$1.runReflectiveCall(FrameworkMethod.java:50)
	at org.junit.internal.runners.model.ReflectiveCallable.run(ReflectiveCallable.java:12)
	at org.junit.runners.model.FrameworkMethod.invokeExplosively(FrameworkMethod.java:47)
	at org.junit.internal.runners.statements.InvokeMethod.evaluate(InvokeMethod.java:17)
	at org.junit.runners.ParentRunner.runLeaf(ParentRunner.java:325)
	at org.junit.runners.BlockJUnit4ClassRunner.runChild(BlockJUnit4ClassRunner.java:78)
	at org.junit.runners.BlockJUnit4ClassRunner.runChild(BlockJUnit4ClassRunner.java:57)
	at org.junit.runners.ParentRunner$3.run(ParentRunner.java:290)
	at org.junit.runners.ParentRunner$1.schedule(ParentRunner.java:71)
	at org.junit.runners.ParentRunner.runChildren(ParentRunner.java:288)
	at org.junit.runners.ParentRunner.access$000(ParentRunner.java:58)
	at org.junit.runners.ParentRunner$2.evaluate(ParentRunner.java:268)
	at org.junit.internal.runners.statements.RunBefores.evaluate(RunBefores.java:26)
	at org.junit.runners.ParentRunner.run(ParentRunner.java:363)
	at org.mockito.internal.runners.JUnit45AndHigherRunnerImpl.run(JUnit45AndHigherRunnerImpl.java:37)
	at org.mockito.runners.MockitoJUnitRunner.run(MockitoJUnitRunner.java:62)
	at org.gradle.api.internal.tasks.testing.junit.JUnitTestClassExecuter.runTestClass(JUnitTestClassExecuter.java:114)
	at org.gradle.api.internal.tasks.testing.junit.JUnitTestClassExecuter.execute(JUnitTestClassExecuter.java:57)
	at org.gradle.api.internal.tasks.testing.junit.JUnitTestClassProcessor.processTestClass(JUnitTestClassProcessor.java:66)
	at org.gradle.api.internal.tasks.testing.SuiteTestClassProcessor.processTestClass(SuiteTestClassProcessor.java:51)
	at sun.reflect.GeneratedMethodAccessor6.invoke(Unknown Source)
	at sun.reflect.DelegatingMethodAccessorImpl.invoke(DelegatingMethodAccessorImpl.java:43)
	at java.lang.reflect.Method.invoke(Method.java:606)
	at org.gradle.internal.dispatch.ReflectionDispatch.dispatch(ReflectionDispatch.java:35)
	at org.gradle.internal.dispatch.ReflectionDispatch.dispatch(ReflectionDispatch.java:24)
	at org.gradle.internal.dispatch.ContextClassLoaderDispatch.dispatch(ContextClassLoaderDispatch.java:32)
	at org.gradle.internal.dispatch.ProxyDispatchAdapter$DispatchingInvocationHandler.invoke(ProxyDispatchAdapter.java:93)
	at com.sun.proxy.$Proxy2.processTestClass(Unknown Source)
	at org.gradle.api.internal.tasks.testing.worker.TestWorker.processTestClass(TestWorker.java:109)
	at sun.reflect.GeneratedMethodAccessor5.invoke(Unknown Source)
	at sun.reflect.DelegatingMethodAccessorImpl.invoke(DelegatingMethodAccessorImpl.java:43)
	at java.lang.reflect.Method.invoke(Method.java:606)
	at org.gradle.internal.dispatch.ReflectionDispatch.dispatch(ReflectionDispatch.java:35)
	at org.gradle.internal.dispatch.ReflectionDispatch.dispatch(ReflectionDispatch.java:24)
	at org.gradle.internal.remote.internal.hub.MessageHub$Handler.run(MessageHub.java:377)
	at org.gradle.internal.concurrent.ExecutorPolicy$CatchAndRecordFailures.onExecute(ExecutorPolicy.java:54)
	at org.gradle.internal.concurrent.StoppableExecutorImpl$1.run(StoppableExecutorImpl.java:40)
	at java.util.concurrent.ThreadPoolExecutor.runWorker(ThreadPoolExecutor.java:1145)
	at java.util.concurrent.ThreadPoolExecutor$Worker.run(ThreadPoolExecutor.java:615)
	at java.lang.Thread.run(Thread.java:745)
Caused by: java.security.InvalidKeyException: Illegal key size or default parameters
	at javax.crypto.Cipher.checkCryptoPerm(Cipher.java:1011)
	at javax.crypto.Cipher.implInit(Cipher.java:786)
	at javax.crypto.Cipher.chooseProvider(Cipher.java:849)
	at javax.crypto.Cipher.init(Cipher.java:1213)
	at javax.crypto.Cipher.init(Cipher.java:1153)
	at com.ford.it.crypt.symmetric.SymmetricCipher.doEncryption(SymmetricCipher.java:173)
	... 48 more

Nov 09, 2016 3:06:17 PM com.ford.it.crypt.symmetric.SymmetricCipher doDecryption
SEVERE: 

	com.ford.it.crypt.symmetric.CryptException for user [UnKnown] self logged on Nov 09, 2016 03:06:17 PM.
	Exception instance reference code [13ECC4BA-F603-15B7-4871-F5A44871F5A4].

com.ford.it.crypt.symmetric.CryptException: Error during symmetric decryption with algorithm [RC4]. The server must be updated with Unlimited Strength Encryption Policy Files; please see https://dept.sp.ford.com/sites/devtools/RSA/Pages/Updating%20Expired%20Signer%20in%20Unlimited%20Encryption%20Policy%20File.aspx for details.
	at com.ford.it.crypt.symmetric.SymmetricCipher.doDecryption(SymmetricCipher.java:234)
	at com.ford.it.crypt.symmetric.SymmetricCrypt.decrypt(SymmetricCrypt.java:315)
	at com.ford.purchasing.wips.common.layer.util.CryptUtil.decrypt(CryptUtil.java:43)
	at com.ford.purchasing.wips.common.layer.util.WipsUtil.decrpyt(WipsUtil.java:121)
	at com.ford.purchasing.wips.common.layer.WipsBaseRequest.getLterm(WipsBaseRequest.java:51)
	at com.ford.purchasing.wips.domain.lumpsum.service.LumpSumDetailAS.approveOrRejectLumpSum(LumpSumDetailAS.java:814)
	at com.ford.purchasing.wips.domain.lumpsum.service.LumpSumDetailASTest.approveLumpSum_WithWarning(LumpSumDetailASTest.java:762)
	at sun.reflect.NativeMethodAccessorImpl.invoke0(Native Method)
	at sun.reflect.NativeMethodAccessorImpl.invoke(NativeMethodAccessorImpl.java:57)
	at sun.reflect.DelegatingMethodAccessorImpl.invoke(DelegatingMethodAccessorImpl.java:43)
	at java.lang.reflect.Method.invoke(Method.java:606)
	at org.junit.runners.model.FrameworkMethod$1.runReflectiveCall(FrameworkMethod.java:50)
	at org.junit.internal.runners.model.ReflectiveCallable.run(ReflectiveCallable.java:12)
	at org.junit.runners.model.FrameworkMethod.invokeExplosively(FrameworkMethod.java:47)
	at org.junit.internal.runners.statements.InvokeMethod.evaluate(InvokeMethod.java:17)
	at org.junit.runners.ParentRunner.runLeaf(ParentRunner.java:325)
	at org.junit.runners.BlockJUnit4ClassRunner.runChild(BlockJUnit4ClassRunner.java:78)
	at org.junit.runners.BlockJUnit4ClassRunner.runChild(BlockJUnit4ClassRunner.java:57)
	at org.junit.runners.ParentRunner$3.run(ParentRunner.java:290)
	at org.junit.runners.ParentRunner$1.schedule(ParentRunner.java:71)
	at org.junit.runners.ParentRunner.runChildren(ParentRunner.java:288)
	at org.junit.runners.ParentRunner.access$000(ParentRunner.java:58)
	at org.junit.runners.ParentRunner$2.evaluate(ParentRunner.java:268)
	at org.junit.internal.runners.statements.RunBefores.evaluate(RunBefores.java:26)
	at org.junit.runners.ParentRunner.run(ParentRunner.java:363)
	at org.mockito.internal.runners.JUnit45AndHigherRunnerImpl.run(JUnit45AndHigherRunnerImpl.java:37)
	at org.mockito.runners.MockitoJUnitRunner.run(MockitoJUnitRunner.java:62)
	at org.gradle.api.internal.tasks.testing.junit.JUnitTestClassExecuter.runTestClass(JUnitTestClassExecuter.java:114)
	at org.gradle.api.internal.tasks.testing.junit.JUnitTestClassExecuter.execute(JUnitTestClassExecuter.java:57)
	at org.gradle.api.internal.tasks.testing.junit.JUnitTestClassProcessor.processTestClass(JUnitTestClassProcessor.java:66)
	at org.gradle.api.internal.tasks.testing.SuiteTestClassProcessor.processTestClass(SuiteTestClassProcessor.java:51)
	at sun.reflect.GeneratedMethodAccessor6.invoke(Unknown Source)
	at sun.reflect.DelegatingMethodAccessorImpl.invoke(DelegatingMethodAccessorImpl.java:43)
	at java.lang.reflect.Method.invoke(Method.java:606)
	at org.gradle.internal.dispatch.ReflectionDispatch.dispatch(ReflectionDispatch.java:35)
	at org.gradle.internal.dispatch.ReflectionDispatch.dispatch(ReflectionDispatch.java:24)
	at org.gradle.internal.dispatch.ContextClassLoaderDispatch.dispatch(ContextClassLoaderDispatch.java:32)
	at org.gradle.internal.dispatch.ProxyDispatchAdapter$DispatchingInvocationHandler.invoke(ProxyDispatchAdapter.java:93)
	at com.sun.proxy.$Proxy2.processTestClass(Unknown Source)
	at org.gradle.api.internal.tasks.testing.worker.TestWorker.processTestClass(TestWorker.java:109)
	at sun.reflect.GeneratedMethodAccessor5.invoke(Unknown Source)
	at sun.reflect.DelegatingMethodAccessorImpl.invoke(DelegatingMethodAccessorImpl.java:43)
	at java.lang.reflect.Method.invoke(Method.java:606)
	at org.gradle.internal.dispatch.ReflectionDispatch.dispatch(ReflectionDispatch.java:35)
	at org.gradle.internal.dispatch.ReflectionDispatch.dispatch(ReflectionDispatch.java:24)
	at org.gradle.internal.remote.internal.hub.MessageHub$Handler.run(MessageHub.java:377)
	at org.gradle.internal.concurrent.ExecutorPolicy$CatchAndRecordFailures.onExecute(ExecutorPolicy.java:54)
	at org.gradle.internal.concurrent.StoppableExecutorImpl$1.run(StoppableExecutorImpl.java:40)
	at java.util.concurrent.ThreadPoolExecutor.runWorker(ThreadPoolExecutor.java:1145)
	at java.util.concurrent.ThreadPoolExecutor$Worker.run(ThreadPoolExecutor.java:615)
	at java.lang.Thread.run(Thread.java:745)
Caused by: java.security.InvalidKeyException: Illegal key size or default parameters
	at javax.crypto.Cipher.checkCryptoPerm(Cipher.java:1011)
	at javax.crypto.Cipher.implInit(Cipher.java:786)
	at javax.crypto.Cipher.chooseProvider(Cipher.java:849)
	at javax.crypto.Cipher.init(Cipher.java:1213)
	at javax.crypto.Cipher.init(Cipher.java:1153)
	at com.ford.it.crypt.symmetric.SymmetricCipher.doDecryption(SymmetricCipher.java:218)
	... 50 more

Nov 09, 2016 3:06:17 PM com.ford.it.crypt.symmetric.SymmetricCrypt decrypt()
SEVERE: 

	com.ford.it.crypt.symmetric.CryptException for user [UnKnown] self logged on Nov 09, 2016 03:06:17 PM.
	Exception instance reference code [13ECC4BA-838E-D992-4871-F5B04871F5B0].

com.ford.it.crypt.symmetric.CryptException: The string to decrypt must be a valid BASE64 encoded String (The length must be divisible by 4 and can only include characters A-Z, a-z, 0-9, +, /, =). Use the encrypt method to ensure a properly encrypted string to decrypt.
	at com.ford.it.crypt.symmetric.SymmetricCrypt.decrypt(SymmetricCrypt.java:328)
	at com.ford.purchasing.wips.common.layer.util.CryptUtil.decrypt(CryptUtil.java:43)
	at com.ford.purchasing.wips.common.layer.util.WipsUtil.decrpyt(WipsUtil.java:121)
	at com.ford.purchasing.wips.common.layer.WipsBaseRequest.getLterm(WipsBaseRequest.java:51)
	at com.ford.purchasing.wips.domain.layer.WipsBaseAS.populateEppsInput(WipsBaseAS.java:99)
	at com.ford.purchasing.wips.domain.layer.WipsBaseAS.executeEppsCallForAuthentication(WipsBaseAS.java:67)
	at com.ford.purchasing.wips.domain.lumpsum.service.LumpSumDetailAS.retrieveLatestAmendmentDetails(LumpSumDetailAS.java:557)
	at com.ford.purchasing.wips.domain.lumpsum.service.LumpSumDetailAS.confirmPaymentDescription(LumpSumDetailAS.java:655)
	at com.ford.purchasing.wips.domain.lumpsum.service.LumpSumDetailASTest.confirmPaymentDesc(LumpSumDetailASTest.java:572)
	at sun.reflect.NativeMethodAccessorImpl.invoke0(Native Method)
	at sun.reflect.NativeMethodAccessorImpl.invoke(NativeMethodAccessorImpl.java:57)
	at sun.reflect.DelegatingMethodAccessorImpl.invoke(DelegatingMethodAccessorImpl.java:43)
	at java.lang.reflect.Method.invoke(Method.java:606)
	at org.junit.runners.model.FrameworkMethod$1.runReflectiveCall(FrameworkMethod.java:50)
	at org.junit.internal.runners.model.ReflectiveCallable.run(ReflectiveCallable.java:12)
	at org.junit.runners.model.FrameworkMethod.invokeExplosively(FrameworkMethod.java:47)
	at org.junit.internal.runners.statements.InvokeMethod.evaluate(InvokeMethod.java:17)
	at org.junit.runners.ParentRunner.runLeaf(ParentRunner.java:325)
	at org.junit.runners.BlockJUnit4ClassRunner.runChild(BlockJUnit4ClassRunner.java:78)
	at org.junit.runners.BlockJUnit4ClassRunner.runChild(BlockJUnit4ClassRunner.java:57)
	at org.junit.runners.ParentRunner$3.run(ParentRunner.java:290)
	at org.junit.runners.ParentRunner$1.schedule(ParentRunner.java:71)
	at org.junit.runners.ParentRunner.runChildren(ParentRunner.java:288)
	at org.junit.runners.ParentRunner.access$000(ParentRunner.java:58)
	at org.junit.runners.ParentRunner$2.evaluate(ParentRunner.java:268)
	at org.junit.internal.runners.statements.RunBefores.evaluate(RunBefores.java:26)
	at org.junit.runners.ParentRunner.run(ParentRunner.java:363)
	at org.mockito.internal.runners.JUnit45AndHigherRunnerImpl.run(JUnit45AndHigherRunnerImpl.java:37)
	at org.mockito.runners.MockitoJUnitRunner.run(MockitoJUnitRunner.java:62)
	at org.gradle.api.internal.tasks.testing.junit.JUnitTestClassExecuter.runTestClass(JUnitTestClassExecuter.java:114)
	at org.gradle.api.internal.tasks.testing.junit.JUnitTestClassExecuter.execute(JUnitTestClassExecuter.java:57)
	at org.gradle.api.internal.tasks.testing.junit.JUnitTestClassProcessor.processTestClass(JUnitTestClassProcessor.java:66)
	at org.gradle.api.internal.tasks.testing.SuiteTestClassProcessor.processTestClass(SuiteTestClassProcessor.java:51)
	at sun.reflect.GeneratedMethodAccessor6.invoke(Unknown Source)
	at sun.reflect.DelegatingMethodAccessorImpl.invoke(DelegatingMethodAccessorImpl.java:43)
	at java.lang.reflect.Method.invoke(Method.java:606)
	at org.gradle.internal.dispatch.ReflectionDispatch.dispatch(ReflectionDispatch.java:35)
	at org.gradle.internal.dispatch.ReflectionDispatch.dispatch(ReflectionDispatch.java:24)
	at org.gradle.internal.dispatch.ContextClassLoaderDispatch.dispatch(ContextClassLoaderDispatch.java:32)
	at org.gradle.internal.dispatch.ProxyDispatchAdapter$DispatchingInvocationHandler.invoke(ProxyDispatchAdapter.java:93)
	at com.sun.proxy.$Proxy2.processTestClass(Unknown Source)
	at org.gradle.api.internal.tasks.testing.worker.TestWorker.processTestClass(TestWorker.java:109)
	at sun.reflect.GeneratedMethodAccessor5.invoke(Unknown Source)
	at sun.reflect.DelegatingMethodAccessorImpl.invoke(DelegatingMethodAccessorImpl.java:43)
	at java.lang.reflect.Method.invoke(Method.java:606)
	at org.gradle.internal.dispatch.ReflectionDispatch.dispatch(ReflectionDispatch.java:35)
	at org.gradle.internal.dispatch.ReflectionDispatch.dispatch(ReflectionDispatch.java:24)
	at org.gradle.internal.remote.internal.hub.MessageHub$Handler.run(MessageHub.java:377)
	at org.gradle.internal.concurrent.ExecutorPolicy$CatchAndRecordFailures.onExecute(ExecutorPolicy.java:54)
	at org.gradle.internal.concurrent.StoppableExecutorImpl$1.run(StoppableExecutorImpl.java:40)
	at java.util.concurrent.ThreadPoolExecutor.runWorker(ThreadPoolExecutor.java:1145)
	at java.util.concurrent.ThreadPoolExecutor$Worker.run(ThreadPoolExecutor.java:615)
	at java.lang.Thread.run(Thread.java:745)

Nov 09, 2016 3:06:17 PM com.ford.it.crypt.symmetric.SymmetricCipher doEncryption
SEVERE: 

	com.ford.it.crypt.symmetric.CryptException for user [UnKnown] self logged on Nov 09, 2016 03:06:17 PM.
	Exception instance reference code [13ECC4BA-C1A4-3FD0-4871-F5BC4871F5BC].

com.ford.it.crypt.symmetric.CryptException: Error during symmetric encrytpion with algorithm [RC4].
	at com.ford.it.crypt.symmetric.SymmetricCipher.doEncryption(SymmetricCipher.java:183)
	at com.ford.it.crypt.symmetric.SymmetricCrypt.encrypt(SymmetricCrypt.java:147)
	at com.ford.purchasing.wips.common.layer.util.CryptUtil.encrypt(CryptUtil.java:54)
	at com.ford.purchasing.wips.common.layer.util.WipsUtil.encrpyt(WipsUtil.java:109)
	at com.ford.purchasing.wips.domain.lumpsum.service.LumpSumDetailASTest.approveLumpSum_WithoutWarning(LumpSumDetailASTest.java:723)
	at sun.reflect.NativeMethodAccessorImpl.invoke0(Native Method)
	at sun.reflect.NativeMethodAccessorImpl.invoke(NativeMethodAccessorImpl.java:57)
	at sun.reflect.DelegatingMethodAccessorImpl.invoke(DelegatingMethodAccessorImpl.java:43)
	at java.lang.reflect.Method.invoke(Method.java:606)
	at org.junit.runners.model.FrameworkMethod$1.runReflectiveCall(FrameworkMethod.java:50)
	at org.junit.internal.runners.model.ReflectiveCallable.run(ReflectiveCallable.java:12)
	at org.junit.runners.model.FrameworkMethod.invokeExplosively(FrameworkMethod.java:47)
	at org.junit.internal.runners.statements.InvokeMethod.evaluate(InvokeMethod.java:17)
	at org.junit.runners.ParentRunner.runLeaf(ParentRunner.java:325)
	at org.junit.runners.BlockJUnit4ClassRunner.runChild(BlockJUnit4ClassRunner.java:78)
	at org.junit.runners.BlockJUnit4ClassRunner.runChild(BlockJUnit4ClassRunner.java:57)
	at org.junit.runners.ParentRunner$3.run(ParentRunner.java:290)
	at org.junit.runners.ParentRunner$1.schedule(ParentRunner.java:71)
	at org.junit.runners.ParentRunner.runChildren(ParentRunner.java:288)
	at org.junit.runners.ParentRunner.access$000(ParentRunner.java:58)
	at org.junit.runners.ParentRunner$2.evaluate(ParentRunner.java:268)
	at org.junit.internal.runners.statements.RunBefores.evaluate(RunBefores.java:26)
	at org.junit.runners.ParentRunner.run(ParentRunner.java:363)
	at org.mockito.internal.runners.JUnit45AndHigherRunnerImpl.run(JUnit45AndHigherRunnerImpl.java:37)
	at org.mockito.runners.MockitoJUnitRunner.run(MockitoJUnitRunner.java:62)
	at org.gradle.api.internal.tasks.testing.junit.JUnitTestClassExecuter.runTestClass(JUnitTestClassExecuter.java:114)
	at org.gradle.api.internal.tasks.testing.junit.JUnitTestClassExecuter.execute(JUnitTestClassExecuter.java:57)
	at org.gradle.api.internal.tasks.testing.junit.JUnitTestClassProcessor.processTestClass(JUnitTestClassProcessor.java:66)
	at org.gradle.api.internal.tasks.testing.SuiteTestClassProcessor.processTestClass(SuiteTestClassProcessor.java:51)
	at sun.reflect.GeneratedMethodAccessor6.invoke(Unknown Source)
	at sun.reflect.DelegatingMethodAccessorImpl.invoke(DelegatingMethodAccessorImpl.java:43)
	at java.lang.reflect.Method.invoke(Method.java:606)
	at org.gradle.internal.dispatch.ReflectionDispatch.dispatch(ReflectionDispatch.java:35)
	at org.gradle.internal.dispatch.ReflectionDispatch.dispatch(ReflectionDispatch.java:24)
	at org.gradle.internal.dispatch.ContextClassLoaderDispatch.dispatch(ContextClassLoaderDispatch.java:32)
	at org.gradle.internal.dispatch.ProxyDispatchAdapter$DispatchingInvocationHandler.invoke(ProxyDispatchAdapter.java:93)
	at com.sun.proxy.$Proxy2.processTestClass(Unknown Source)
	at org.gradle.api.internal.tasks.testing.worker.TestWorker.processTestClass(TestWorker.java:109)
	at sun.reflect.GeneratedMethodAccessor5.invoke(Unknown Source)
	at sun.reflect.DelegatingMethodAccessorImpl.invoke(DelegatingMethodAccessorImpl.java:43)
	at java.lang.reflect.Method.invoke(Method.java:606)
	at org.gradle.internal.dispatch.ReflectionDispatch.dispatch(ReflectionDispatch.java:35)
	at org.gradle.internal.dispatch.ReflectionDispatch.dispatch(ReflectionDispatch.java:24)
	at org.gradle.internal.remote.internal.hub.MessageHub$Handler.run(MessageHub.java:377)
	at org.gradle.internal.concurrent.ExecutorPolicy$CatchAndRecordFailures.onExecute(ExecutorPolicy.java:54)
	at org.gradle.internal.concurrent.StoppableExecutorImpl$1.run(StoppableExecutorImpl.java:40)
	at java.util.concurrent.ThreadPoolExecutor.runWorker(ThreadPoolExecutor.java:1145)
	at java.util.concurrent.ThreadPoolExecutor$Worker.run(ThreadPoolExecutor.java:615)
	at java.lang.Thread.run(Thread.java:745)
Caused by: java.security.InvalidKeyException: Illegal key size or default parameters
	at javax.crypto.Cipher.checkCryptoPerm(Cipher.java:1011)
	at javax.crypto.Cipher.implInit(Cipher.java:786)
	at javax.crypto.Cipher.chooseProvider(Cipher.java:849)
	at javax.crypto.Cipher.init(Cipher.java:1213)
	at javax.crypto.Cipher.init(Cipher.java:1153)
	at com.ford.it.crypt.symmetric.SymmetricCipher.doEncryption(SymmetricCipher.java:173)
	... 48 more

Nov 09, 2016 3:06:17 PM com.ford.it.crypt.symmetric.SymmetricCipher doDecryption
SEVERE: 

	com.ford.it.crypt.symmetric.CryptException for user [UnKnown] self logged on Nov 09, 2016 03:06:17 PM.
	Exception instance reference code [13ECC4BA-37FD-0156-4871-F5BF4871F5BF].

com.ford.it.crypt.symmetric.CryptException: Error during symmetric decryption with algorithm [RC4]. The server must be updated with Unlimited Strength Encryption Policy Files; please see https://dept.sp.ford.com/sites/devtools/RSA/Pages/Updating%20Expired%20Signer%20in%20Unlimited%20Encryption%20Policy%20File.aspx for details.
	at com.ford.it.crypt.symmetric.SymmetricCipher.doDecryption(SymmetricCipher.java:234)
	at com.ford.it.crypt.symmetric.SymmetricCrypt.decrypt(SymmetricCrypt.java:315)
	at com.ford.purchasing.wips.common.layer.util.CryptUtil.decrypt(CryptUtil.java:43)
	at com.ford.purchasing.wips.common.layer.util.WipsUtil.decrpyt(WipsUtil.java:121)
	at com.ford.purchasing.wips.common.layer.WipsBaseRequest.getLterm(WipsBaseRequest.java:51)
	at com.ford.purchasing.wips.domain.lumpsum.service.LumpSumDetailAS.approveOrRejectLumpSum(LumpSumDetailAS.java:814)
	at com.ford.purchasing.wips.domain.lumpsum.service.LumpSumDetailASTest.approveLumpSum_WithoutWarning(LumpSumDetailASTest.java:733)
	at sun.reflect.NativeMethodAccessorImpl.invoke0(Native Method)
	at sun.reflect.NativeMethodAccessorImpl.invoke(NativeMethodAccessorImpl.java:57)
	at sun.reflect.DelegatingMethodAccessorImpl.invoke(DelegatingMethodAccessorImpl.java:43)
	at java.lang.reflect.Method.invoke(Method.java:606)
	at org.junit.runners.model.FrameworkMethod$1.runReflectiveCall(FrameworkMethod.java:50)
	at org.junit.internal.runners.model.ReflectiveCallable.run(ReflectiveCallable.java:12)
	at org.junit.runners.model.FrameworkMethod.invokeExplosively(FrameworkMethod.java:47)
	at org.junit.internal.runners.statements.InvokeMethod.evaluate(InvokeMethod.java:17)
	at org.junit.runners.ParentRunner.runLeaf(ParentRunner.java:325)
	at org.junit.runners.BlockJUnit4ClassRunner.runChild(BlockJUnit4ClassRunner.java:78)
	at org.junit.runners.BlockJUnit4ClassRunner.runChild(BlockJUnit4ClassRunner.java:57)
	at org.junit.runners.ParentRunner$3.run(ParentRunner.java:290)
	at org.junit.runners.ParentRunner$1.schedule(ParentRunner.java:71)
	at org.junit.runners.ParentRunner.runChildren(ParentRunner.java:288)
	at org.junit.runners.ParentRunner.access$000(ParentRunner.java:58)
	at org.junit.runners.ParentRunner$2.evaluate(ParentRunner.java:268)
	at org.junit.internal.runners.statements.RunBefores.evaluate(RunBefores.java:26)
	at org.junit.runners.ParentRunner.run(ParentRunner.java:363)
	at org.mockito.internal.runners.JUnit45AndHigherRunnerImpl.run(JUnit45AndHigherRunnerImpl.java:37)
	at org.mockito.runners.MockitoJUnitRunner.run(MockitoJUnitRunner.java:62)
	at org.gradle.api.internal.tasks.testing.junit.JUnitTestClassExecuter.runTestClass(JUnitTestClassExecuter.java:114)
	at org.gradle.api.internal.tasks.testing.junit.JUnitTestClassExecuter.execute(JUnitTestClassExecuter.java:57)
	at org.gradle.api.internal.tasks.testing.junit.JUnitTestClassProcessor.processTestClass(JUnitTestClassProcessor.java:66)
	at org.gradle.api.internal.tasks.testing.SuiteTestClassProcessor.processTestClass(SuiteTestClassProcessor.java:51)
	at sun.reflect.GeneratedMethodAccessor6.invoke(Unknown Source)
	at sun.reflect.DelegatingMethodAccessorImpl.invoke(DelegatingMethodAccessorImpl.java:43)
	at java.lang.reflect.Method.invoke(Method.java:606)
	at org.gradle.internal.dispatch.ReflectionDispatch.dispatch(ReflectionDispatch.java:35)
	at org.gradle.internal.dispatch.ReflectionDispatch.dispatch(ReflectionDispatch.java:24)
	at org.gradle.internal.dispatch.ContextClassLoaderDispatch.dispatch(ContextClassLoaderDispatch.java:32)
	at org.gradle.internal.dispatch.ProxyDispatchAdapter$DispatchingInvocationHandler.invoke(ProxyDispatchAdapter.java:93)
	at com.sun.proxy.$Proxy2.processTestClass(Unknown Source)
	at org.gradle.api.internal.tasks.testing.worker.TestWorker.processTestClass(TestWorker.java:109)
	at sun.reflect.GeneratedMethodAccessor5.invoke(Unknown Source)
	at sun.reflect.DelegatingMethodAccessorImpl.invoke(DelegatingMethodAccessorImpl.java:43)
	at java.lang.reflect.Method.invoke(Method.java:606)
	at org.gradle.internal.dispatch.ReflectionDispatch.dispatch(ReflectionDispatch.java:35)
	at org.gradle.internal.dispatch.ReflectionDispatch.dispatch(ReflectionDispatch.java:24)
	at org.gradle.internal.remote.internal.hub.MessageHub$Handler.run(MessageHub.java:377)
	at org.gradle.internal.concurrent.ExecutorPolicy$CatchAndRecordFailures.onExecute(ExecutorPolicy.java:54)
	at org.gradle.internal.concurrent.StoppableExecutorImpl$1.run(StoppableExecutorImpl.java:40)
	at java.util.concurrent.ThreadPoolExecutor.runWorker(ThreadPoolExecutor.java:1145)
	at java.util.concurrent.ThreadPoolExecutor$Worker.run(ThreadPoolExecutor.java:615)
	at java.lang.Thread.run(Thread.java:745)
Caused by: java.security.InvalidKeyException: Illegal key size or default parameters
	at javax.crypto.Cipher.checkCryptoPerm(Cipher.java:1011)
	at javax.crypto.Cipher.implInit(Cipher.java:786)
	at javax.crypto.Cipher.chooseProvider(Cipher.java:849)
	at javax.crypto.Cipher.init(Cipher.java:1213)
	at javax.crypto.Cipher.init(Cipher.java:1153)
	at com.ford.it.crypt.symmetric.SymmetricCipher.doDecryption(SymmetricCipher.java:218)
	... 50 more

Nov 09, 2016 3:06:17 PM CLASS_NAME METHOD_NAME
SEVERE: 

	com.ford.purchasing.wips.domain.layer.exception.WipsImsInterfaceException for user [UnKnown] self logged on Nov 09, 2016 03:06:17 PM.
	Exception instance reference code [13ECC4BA-417A-E39B-4871-F5C94871F5C9].

com.ford.purchasing.wips.domain.layer.exception.WipsImsInterfaceException: Security failure. RACF call failed
	at com.ford.purchasing.wips.domain.lumpsum.service.LumpSumDetailASTest.resourceExceptionDuringAuthentication(LumpSumDetailASTest.java:216)
	at sun.reflect.NativeMethodAccessorImpl.invoke0(Native Method)
	at sun.reflect.NativeMethodAccessorImpl.invoke(NativeMethodAccessorImpl.java:57)
	at sun.reflect.DelegatingMethodAccessorImpl.invoke(DelegatingMethodAccessorImpl.java:43)
	at java.lang.reflect.Method.invoke(Method.java:606)
	at org.junit.runners.model.FrameworkMethod$1.runReflectiveCall(FrameworkMethod.java:50)
	at org.junit.internal.runners.model.ReflectiveCallable.run(ReflectiveCallable.java:12)
	at org.junit.runners.model.FrameworkMethod.invokeExplosively(FrameworkMethod.java:47)
	at org.junit.internal.runners.statements.InvokeMethod.evaluate(InvokeMethod.java:17)
	at org.junit.runners.ParentRunner.runLeaf(ParentRunner.java:325)
	at org.junit.runners.BlockJUnit4ClassRunner.runChild(BlockJUnit4ClassRunner.java:78)
	at org.junit.runners.BlockJUnit4ClassRunner.runChild(BlockJUnit4ClassRunner.java:57)
	at org.junit.runners.ParentRunner$3.run(ParentRunner.java:290)
	at org.junit.runners.ParentRunner$1.schedule(ParentRunner.java:71)
	at org.junit.runners.ParentRunner.runChildren(ParentRunner.java:288)
	at org.junit.runners.ParentRunner.access$000(ParentRunner.java:58)
	at org.junit.runners.ParentRunner$2.evaluate(ParentRunner.java:268)
	at org.junit.internal.runners.statements.RunBefores.evaluate(RunBefores.java:26)
	at org.junit.runners.ParentRunner.run(ParentRunner.java:363)
	at org.mockito.internal.runners.JUnit45AndHigherRunnerImpl.run(JUnit45AndHigherRunnerImpl.java:37)
	at org.mockito.runners.MockitoJUnitRunner.run(MockitoJUnitRunner.java:62)
	at org.gradle.api.internal.tasks.testing.junit.JUnitTestClassExecuter.runTestClass(JUnitTestClassExecuter.java:114)
	at org.gradle.api.internal.tasks.testing.junit.JUnitTestClassExecuter.execute(JUnitTestClassExecuter.java:57)
	at org.gradle.api.internal.tasks.testing.junit.JUnitTestClassProcessor.processTestClass(JUnitTestClassProcessor.java:66)
	at org.gradle.api.internal.tasks.testing.SuiteTestClassProcessor.processTestClass(SuiteTestClassProcessor.java:51)
	at sun.reflect.GeneratedMethodAccessor6.invoke(Unknown Source)
	at sun.reflect.DelegatingMethodAccessorImpl.invoke(DelegatingMethodAccessorImpl.java:43)
	at java.lang.reflect.Method.invoke(Method.java:606)
	at org.gradle.internal.dispatch.ReflectionDispatch.dispatch(ReflectionDispatch.java:35)
	at org.gradle.internal.dispatch.ReflectionDispatch.dispatch(ReflectionDispatch.java:24)
	at org.gradle.internal.dispatch.ContextClassLoaderDispatch.dispatch(ContextClassLoaderDispatch.java:32)
	at org.gradle.internal.dispatch.ProxyDispatchAdapter$DispatchingInvocationHandler.invoke(ProxyDispatchAdapter.java:93)
	at com.sun.proxy.$Proxy2.processTestClass(Unknown Source)
	at org.gradle.api.internal.tasks.testing.worker.TestWorker.processTestClass(TestWorker.java:109)
	at sun.reflect.GeneratedMethodAccessor5.invoke(Unknown Source)
	at sun.reflect.DelegatingMethodAccessorImpl.invoke(DelegatingMethodAccessorImpl.java:43)
	at java.lang.reflect.Method.invoke(Method.java:606)
	at org.gradle.internal.dispatch.ReflectionDispatch.dispatch(ReflectionDispatch.java:35)
	at org.gradle.internal.dispatch.ReflectionDispatch.dispatch(ReflectionDispatch.java:24)
	at org.gradle.internal.remote.internal.hub.MessageHub$Handler.run(MessageHub.java:377)
	at org.gradle.internal.concurrent.ExecutorPolicy$CatchAndRecordFailures.onExecute(ExecutorPolicy.java:54)
	at org.gradle.internal.concurrent.StoppableExecutorImpl$1.run(StoppableExecutorImpl.java:40)
	at java.util.concurrent.ThreadPoolExecutor.runWorker(ThreadPoolExecutor.java:1145)
	at java.util.concurrent.ThreadPoolExecutor$Worker.run(ThreadPoolExecutor.java:615)
	at java.lang.Thread.run(Thread.java:745)

Nov 09, 2016 3:06:17 PM com.ford.it.crypt.symmetric.SymmetricCrypt decrypt()
SEVERE: 

	com.ford.it.crypt.symmetric.CryptException for user [UnKnown] self logged on Nov 09, 2016 03:06:17 PM.
	Exception instance reference code [13ECC4BA-CF54-4C21-4871-F5CB4871F5CB].

com.ford.it.crypt.symmetric.CryptException: The string to decrypt must be a valid BASE64 encoded String (The length must be divisible by 4 and can only include characters A-Z, a-z, 0-9, +, /, =). Use the encrypt method to ensure a properly encrypted string to decrypt.
	at com.ford.it.crypt.symmetric.SymmetricCrypt.decrypt(SymmetricCrypt.java:328)
	at com.ford.purchasing.wips.common.layer.util.CryptUtil.decrypt(CryptUtil.java:43)
	at com.ford.purchasing.wips.common.layer.util.WipsUtil.decrpyt(WipsUtil.java:121)
	at com.ford.purchasing.wips.common.layer.WipsBaseRequest.getLterm(WipsBaseRequest.java:51)
	at com.ford.purchasing.wips.domain.layer.WipsBaseAS.populateEppsInput(WipsBaseAS.java:99)
	at com.ford.purchasing.wips.domain.layer.WipsBaseAS.executeEppsCallForAuthentication(WipsBaseAS.java:67)
	at com.ford.purchasing.wips.domain.lumpsum.service.LumpSumDetailAS.retrieveLatestAmendmentDetails(LumpSumDetailAS.java:557)
	at com.ford.purchasing.wips.domain.lumpsum.service.LumpSumDetailAS.retrieveLumpSumDetail(LumpSumDetailAS.java:135)
	at com.ford.purchasing.wips.domain.lumpsum.service.LumpSumDetailASTest.resourceExceptionDuringAuthentication(LumpSumDetailASTest.java:223)
	at sun.reflect.NativeMethodAccessorImpl.invoke0(Native Method)
	at sun.reflect.NativeMethodAccessorImpl.invoke(NativeMethodAccessorImpl.java:57)
	at sun.reflect.DelegatingMethodAccessorImpl.invoke(DelegatingMethodAccessorImpl.java:43)
	at java.lang.reflect.Method.invoke(Method.java:606)
	at org.junit.runners.model.FrameworkMethod$1.runReflectiveCall(FrameworkMethod.java:50)
	at org.junit.internal.runners.model.ReflectiveCallable.run(ReflectiveCallable.java:12)
	at org.junit.runners.model.FrameworkMethod.invokeExplosively(FrameworkMethod.java:47)
	at org.junit.internal.runners.statements.InvokeMethod.evaluate(InvokeMethod.java:17)
	at org.junit.runners.ParentRunner.runLeaf(ParentRunner.java:325)
	at org.junit.runners.BlockJUnit4ClassRunner.runChild(BlockJUnit4ClassRunner.java:78)
	at org.junit.runners.BlockJUnit4ClassRunner.runChild(BlockJUnit4ClassRunner.java:57)
	at org.junit.runners.ParentRunner$3.run(ParentRunner.java:290)
	at org.junit.runners.ParentRunner$1.schedule(ParentRunner.java:71)
	at org.junit.runners.ParentRunner.runChildren(ParentRunner.java:288)
	at org.junit.runners.ParentRunner.access$000(ParentRunner.java:58)
	at org.junit.runners.ParentRunner$2.evaluate(ParentRunner.java:268)
	at org.junit.internal.runners.statements.RunBefores.evaluate(RunBefores.java:26)
	at org.junit.runners.ParentRunner.run(ParentRunner.java:363)
	at org.mockito.internal.runners.JUnit45AndHigherRunnerImpl.run(JUnit45AndHigherRunnerImpl.java:37)
	at org.mockito.runners.MockitoJUnitRunner.run(MockitoJUnitRunner.java:62)
	at org.gradle.api.internal.tasks.testing.junit.JUnitTestClassExecuter.runTestClass(JUnitTestClassExecuter.java:114)
	at org.gradle.api.internal.tasks.testing.junit.JUnitTestClassExecuter.execute(JUnitTestClassExecuter.java:57)
	at org.gradle.api.internal.tasks.testing.junit.JUnitTestClassProcessor.processTestClass(JUnitTestClassProcessor.java:66)
	at org.gradle.api.internal.tasks.testing.SuiteTestClassProcessor.processTestClass(SuiteTestClassProcessor.java:51)
	at sun.reflect.GeneratedMethodAccessor6.invoke(Unknown Source)
	at sun.reflect.DelegatingMethodAccessorImpl.invoke(DelegatingMethodAccessorImpl.java:43)
	at java.lang.reflect.Method.invoke(Method.java:606)
	at org.gradle.internal.dispatch.ReflectionDispatch.dispatch(ReflectionDispatch.java:35)
	at org.gradle.internal.dispatch.ReflectionDispatch.dispatch(ReflectionDispatch.java:24)
	at org.gradle.internal.dispatch.ContextClassLoaderDispatch.dispatch(ContextClassLoaderDispatch.java:32)
	at org.gradle.internal.dispatch.ProxyDispatchAdapter$DispatchingInvocationHandler.invoke(ProxyDispatchAdapter.java:93)
	at com.sun.proxy.$Proxy2.processTestClass(Unknown Source)
	at org.gradle.api.internal.tasks.testing.worker.TestWorker.processTestClass(TestWorker.java:109)
	at sun.reflect.GeneratedMethodAccessor5.invoke(Unknown Source)
	at sun.reflect.DelegatingMethodAccessorImpl.invoke(DelegatingMethodAccessorImpl.java:43)
	at java.lang.reflect.Method.invoke(Method.java:606)
	at org.gradle.internal.dispatch.ReflectionDispatch.dispatch(ReflectionDispatch.java:35)
	at org.gradle.internal.dispatch.ReflectionDispatch.dispatch(ReflectionDispatch.java:24)
	at org.gradle.internal.remote.internal.hub.MessageHub$Handler.run(MessageHub.java:377)
	at org.gradle.internal.concurrent.ExecutorPolicy$CatchAndRecordFailures.onExecute(ExecutorPolicy.java:54)
	at org.gradle.internal.concurrent.StoppableExecutorImpl$1.run(StoppableExecutorImpl.java:40)
	at java.util.concurrent.ThreadPoolExecutor.runWorker(ThreadPoolExecutor.java:1145)
	at java.util.concurrent.ThreadPoolExecutor$Worker.run(ThreadPoolExecutor.java:615)
	at java.lang.Thread.run(Thread.java:745)

Nov 09, 2016 3:06:17 PM com.ford.it.crypt.symmetric.SymmetricCipher doEncryption
SEVERE: 

	com.ford.it.crypt.symmetric.CryptException for user [UnKnown] self logged on Nov 09, 2016 03:06:17 PM.
	Exception instance reference code [13ECC4BA-EE18-62CB-4871-F5DE4871F5DE].

com.ford.it.crypt.symmetric.CryptException: Error during symmetric encrytpion with algorithm [RC4].
	at com.ford.it.crypt.symmetric.SymmetricCipher.doEncryption(SymmetricCipher.java:183)
	at com.ford.it.crypt.symmetric.SymmetricCrypt.encrypt(SymmetricCrypt.java:147)
	at com.ford.purchasing.wips.common.layer.util.CryptUtil.encrypt(CryptUtil.java:54)
	at com.ford.purchasing.wips.common.layer.util.WipsUtil.encrpyt(WipsUtil.java:109)
	at com.ford.purchasing.wips.domain.lumpsum.service.LumpSumDetailASTest.rejectLumpSum(LumpSumDetailASTest.java:810)
	at sun.reflect.NativeMethodAccessorImpl.invoke0(Native Method)
	at sun.reflect.NativeMethodAccessorImpl.invoke(NativeMethodAccessorImpl.java:57)
	at sun.reflect.DelegatingMethodAccessorImpl.invoke(DelegatingMethodAccessorImpl.java:43)
	at java.lang.reflect.Method.invoke(Method.java:606)
	at org.junit.runners.model.FrameworkMethod$1.runReflectiveCall(FrameworkMethod.java:50)
	at org.junit.internal.runners.model.ReflectiveCallable.run(ReflectiveCallable.java:12)
	at org.junit.runners.model.FrameworkMethod.invokeExplosively(FrameworkMethod.java:47)
	at org.junit.internal.runners.statements.InvokeMethod.evaluate(InvokeMethod.java:17)
	at org.junit.runners.ParentRunner.runLeaf(ParentRunner.java:325)
	at org.junit.runners.BlockJUnit4ClassRunner.runChild(BlockJUnit4ClassRunner.java:78)
	at org.junit.runners.BlockJUnit4ClassRunner.runChild(BlockJUnit4ClassRunner.java:57)
	at org.junit.runners.ParentRunner$3.run(ParentRunner.java:290)
	at org.junit.runners.ParentRunner$1.schedule(ParentRunner.java:71)
	at org.junit.runners.ParentRunner.runChildren(ParentRunner.java:288)
	at org.junit.runners.ParentRunner.access$000(ParentRunner.java:58)
	at org.junit.runners.ParentRunner$2.evaluate(ParentRunner.java:268)
	at org.junit.internal.runners.statements.RunBefores.evaluate(RunBefores.java:26)
	at org.junit.runners.ParentRunner.run(ParentRunner.java:363)
	at org.mockito.internal.runners.JUnit45AndHigherRunnerImpl.run(JUnit45AndHigherRunnerImpl.java:37)
	at org.mockito.runners.MockitoJUnitRunner.run(MockitoJUnitRunner.java:62)
	at org.gradle.api.internal.tasks.testing.junit.JUnitTestClassExecuter.runTestClass(JUnitTestClassExecuter.java:114)
	at org.gradle.api.internal.tasks.testing.junit.JUnitTestClassExecuter.execute(JUnitTestClassExecuter.java:57)
	at org.gradle.api.internal.tasks.testing.junit.JUnitTestClassProcessor.processTestClass(JUnitTestClassProcessor.java:66)
	at org.gradle.api.internal.tasks.testing.SuiteTestClassProcessor.processTestClass(SuiteTestClassProcessor.java:51)
	at sun.reflect.GeneratedMethodAccessor6.invoke(Unknown Source)
	at sun.reflect.DelegatingMethodAccessorImpl.invoke(DelegatingMethodAccessorImpl.java:43)
	at java.lang.reflect.Method.invoke(Method.java:606)
	at org.gradle.internal.dispatch.ReflectionDispatch.dispatch(ReflectionDispatch.java:35)
	at org.gradle.internal.dispatch.ReflectionDispatch.dispatch(ReflectionDispatch.java:24)
	at org.gradle.internal.dispatch.ContextClassLoaderDispatch.dispatch(ContextClassLoaderDispatch.java:32)
	at org.gradle.internal.dispatch.ProxyDispatchAdapter$DispatchingInvocationHandler.invoke(ProxyDispatchAdapter.java:93)
	at com.sun.proxy.$Proxy2.processTestClass(Unknown Source)
	at org.gradle.api.internal.tasks.testing.worker.TestWorker.processTestClass(TestWorker.java:109)
	at sun.reflect.GeneratedMethodAccessor5.invoke(Unknown Source)
	at sun.reflect.DelegatingMethodAccessorImpl.invoke(DelegatingMethodAccessorImpl.java:43)
	at java.lang.reflect.Method.invoke(Method.java:606)
	at org.gradle.internal.dispatch.ReflectionDispatch.dispatch(ReflectionDispatch.java:35)
	at org.gradle.internal.dispatch.ReflectionDispatch.dispatch(ReflectionDispatch.java:24)
	at org.gradle.internal.remote.internal.hub.MessageHub$Handler.run(MessageHub.java:377)
	at org.gradle.internal.concurrent.ExecutorPolicy$CatchAndRecordFailures.onExecute(ExecutorPolicy.java:54)
	at org.gradle.internal.concurrent.StoppableExecutorImpl$1.run(StoppableExecutorImpl.java:40)
	at java.util.concurrent.ThreadPoolExecutor.runWorker(ThreadPoolExecutor.java:1145)
	at java.util.concurrent.ThreadPoolExecutor$Worker.run(ThreadPoolExecutor.java:615)
	at java.lang.Thread.run(Thread.java:745)
Caused by: java.security.InvalidKeyException: Illegal key size or default parameters
	at javax.crypto.Cipher.checkCryptoPerm(Cipher.java:1011)
	at javax.crypto.Cipher.implInit(Cipher.java:786)
	at javax.crypto.Cipher.chooseProvider(Cipher.java:849)
	at javax.crypto.Cipher.init(Cipher.java:1213)
	at javax.crypto.Cipher.init(Cipher.java:1153)
	at com.ford.it.crypt.symmetric.SymmetricCipher.doEncryption(SymmetricCipher.java:173)
	... 48 more

Nov 09, 2016 3:06:17 PM com.ford.it.crypt.symmetric.SymmetricCipher doDecryption
SEVERE: 

	com.ford.it.crypt.symmetric.CryptException for user [UnKnown] self logged on Nov 09, 2016 03:06:17 PM.
	Exception instance reference code [13ECC4BA-6034-377C-4871-F5E14871F5E1].

com.ford.it.crypt.symmetric.CryptException: Error during symmetric decryption with algorithm [RC4]. The server must be updated with Unlimited Strength Encryption Policy Files; please see https://dept.sp.ford.com/sites/devtools/RSA/Pages/Updating%20Expired%20Signer%20in%20Unlimited%20Encryption%20Policy%20File.aspx for details.
	at com.ford.it.crypt.symmetric.SymmetricCipher.doDecryption(SymmetricCipher.java:234)
	at com.ford.it.crypt.symmetric.SymmetricCrypt.decrypt(SymmetricCrypt.java:315)
	at com.ford.purchasing.wips.common.layer.util.CryptUtil.decrypt(CryptUtil.java:43)
	at com.ford.purchasing.wips.common.layer.util.WipsUtil.decrpyt(WipsUtil.java:121)
	at com.ford.purchasing.wips.common.layer.WipsBaseRequest.getLterm(WipsBaseRequest.java:51)
	at com.ford.purchasing.wips.domain.lumpsum.service.LumpSumDetailAS.approveOrRejectLumpSum(LumpSumDetailAS.java:814)
	at com.ford.purchasing.wips.domain.lumpsum.service.LumpSumDetailASTest.rejectLumpSum(LumpSumDetailASTest.java:820)
	at sun.reflect.NativeMethodAccessorImpl.invoke0(Native Method)
	at sun.reflect.NativeMethodAccessorImpl.invoke(NativeMethodAccessorImpl.java:57)
	at sun.reflect.DelegatingMethodAccessorImpl.invoke(DelegatingMethodAccessorImpl.java:43)
	at java.lang.reflect.Method.invoke(Method.java:606)
	at org.junit.runners.model.FrameworkMethod$1.runReflectiveCall(FrameworkMethod.java:50)
	at org.junit.internal.runners.model.ReflectiveCallable.run(ReflectiveCallable.java:12)
	at org.junit.runners.model.FrameworkMethod.invokeExplosively(FrameworkMethod.java:47)
	at org.junit.internal.runners.statements.InvokeMethod.evaluate(InvokeMethod.java:17)
	at org.junit.runners.ParentRunner.runLeaf(ParentRunner.java:325)
	at org.junit.runners.BlockJUnit4ClassRunner.runChild(BlockJUnit4ClassRunner.java:78)
	at org.junit.runners.BlockJUnit4ClassRunner.runChild(BlockJUnit4ClassRunner.java:57)
	at org.junit.runners.ParentRunner$3.run(ParentRunner.java:290)
	at org.junit.runners.ParentRunner$1.schedule(ParentRunner.java:71)
	at org.junit.runners.ParentRunner.runChildren(ParentRunner.java:288)
	at org.junit.runners.ParentRunner.access$000(ParentRunner.java:58)
	at org.junit.runners.ParentRunner$2.evaluate(ParentRunner.java:268)
	at org.junit.internal.runners.statements.RunBefores.evaluate(RunBefores.java:26)
	at org.junit.runners.ParentRunner.run(ParentRunner.java:363)
	at org.mockito.internal.runners.JUnit45AndHigherRunnerImpl.run(JUnit45AndHigherRunnerImpl.java:37)
	at org.mockito.runners.MockitoJUnitRunner.run(MockitoJUnitRunner.java:62)
	at org.gradle.api.internal.tasks.testing.junit.JUnitTestClassExecuter.runTestClass(JUnitTestClassExecuter.java:114)
	at org.gradle.api.internal.tasks.testing.junit.JUnitTestClassExecuter.execute(JUnitTestClassExecuter.java:57)
	at org.gradle.api.internal.tasks.testing.junit.JUnitTestClassProcessor.processTestClass(JUnitTestClassProcessor.java:66)
	at org.gradle.api.internal.tasks.testing.SuiteTestClassProcessor.processTestClass(SuiteTestClassProcessor.java:51)
	at sun.reflect.GeneratedMethodAccessor6.invoke(Unknown Source)
	at sun.reflect.DelegatingMethodAccessorImpl.invoke(DelegatingMethodAccessorImpl.java:43)
	at java.lang.reflect.Method.invoke(Method.java:606)
	at org.gradle.internal.dispatch.ReflectionDispatch.dispatch(ReflectionDispatch.java:35)
	at org.gradle.internal.dispatch.ReflectionDispatch.dispatch(ReflectionDispatch.java:24)
	at org.gradle.internal.dispatch.ContextClassLoaderDispatch.dispatch(ContextClassLoaderDispatch.java:32)
	at org.gradle.internal.dispatch.ProxyDispatchAdapter$DispatchingInvocationHandler.invoke(ProxyDispatchAdapter.java:93)
	at com.sun.proxy.$Proxy2.processTestClass(Unknown Source)
	at org.gradle.api.internal.tasks.testing.worker.TestWorker.processTestClass(TestWorker.java:109)
	at sun.reflect.GeneratedMethodAccessor5.invoke(Unknown Source)
	at sun.reflect.DelegatingMethodAccessorImpl.invoke(DelegatingMethodAccessorImpl.java:43)
	at java.lang.reflect.Method.invoke(Method.java:606)
	at org.gradle.internal.dispatch.ReflectionDispatch.dispatch(ReflectionDispatch.java:35)
	at org.gradle.internal.dispatch.ReflectionDispatch.dispatch(ReflectionDispatch.java:24)
	at org.gradle.internal.remote.internal.hub.MessageHub$Handler.run(MessageHub.java:377)
	at org.gradle.internal.concurrent.ExecutorPolicy$CatchAndRecordFailures.onExecute(ExecutorPolicy.java:54)
	at org.gradle.internal.concurrent.StoppableExecutorImpl$1.run(StoppableExecutorImpl.java:40)
	at java.util.concurrent.ThreadPoolExecutor.runWorker(ThreadPoolExecutor.java:1145)
	at java.util.concurrent.ThreadPoolExecutor$Worker.run(ThreadPoolExecutor.java:615)
	at java.lang.Thread.run(Thread.java:745)
Caused by: java.security.InvalidKeyException: Illegal key size or default parameters
	at javax.crypto.Cipher.checkCryptoPerm(Cipher.java:1011)
	at javax.crypto.Cipher.implInit(Cipher.java:786)
	at javax.crypto.Cipher.chooseProvider(Cipher.java:849)
	at javax.crypto.Cipher.init(Cipher.java:1213)
	at javax.crypto.Cipher.init(Cipher.java:1153)
	at com.ford.it.crypt.symmetric.SymmetricCipher.doDecryption(SymmetricCipher.java:218)
	... 50 more

Nov 09, 2016 3:06:17 PM com.ford.it.crypt.symmetric.SymmetricCipher doEncryption
SEVERE: 

	com.ford.it.crypt.symmetric.CryptException for user [UnKnown] self logged on Nov 09, 2016 03:06:17 PM.
	Exception instance reference code [13ECC4BA-4594-FFD2-4871-F5F14871F5F1].

com.ford.it.crypt.symmetric.CryptException: Error during symmetric encrytpion with algorithm [RC4].
	at com.ford.it.crypt.symmetric.SymmetricCipher.doEncryption(SymmetricCipher.java:183)
	at com.ford.it.crypt.symmetric.SymmetricCrypt.encrypt(SymmetricCrypt.java:147)
	at com.ford.purchasing.wips.common.layer.util.CryptUtil.encrypt(CryptUtil.java:54)
	at com.ford.purchasing.wips.common.layer.util.WipsUtil.encrpyt(WipsUtil.java:109)
	at com.ford.purchasing.wips.domain.lumpsum.service.LumpSumDetailASTest.confirmApproveLumpSum_WithWarning(LumpSumDetailASTest.java:780)
	at sun.reflect.NativeMethodAccessorImpl.invoke0(Native Method)
	at sun.reflect.NativeMethodAccessorImpl.invoke(NativeMethodAccessorImpl.java:57)
	at sun.reflect.DelegatingMethodAccessorImpl.invoke(DelegatingMethodAccessorImpl.java:43)
	at java.lang.reflect.Method.invoke(Method.java:606)
	at org.junit.runners.model.FrameworkMethod$1.runReflectiveCall(FrameworkMethod.java:50)
	at org.junit.internal.runners.model.ReflectiveCallable.run(ReflectiveCallable.java:12)
	at org.junit.runners.model.FrameworkMethod.invokeExplosively(FrameworkMethod.java:47)
	at org.junit.internal.runners.statements.InvokeMethod.evaluate(InvokeMethod.java:17)
	at org.junit.runners.ParentRunner.runLeaf(ParentRunner.java:325)
	at org.junit.runners.BlockJUnit4ClassRunner.runChild(BlockJUnit4ClassRunner.java:78)
	at org.junit.runners.BlockJUnit4ClassRunner.runChild(BlockJUnit4ClassRunner.java:57)
	at org.junit.runners.ParentRunner$3.run(ParentRunner.java:290)
	at org.junit.runners.ParentRunner$1.schedule(ParentRunner.java:71)
	at org.junit.runners.ParentRunner.runChildren(ParentRunner.java:288)
	at org.junit.runners.ParentRunner.access$000(ParentRunner.java:58)
	at org.junit.runners.ParentRunner$2.evaluate(ParentRunner.java:268)
	at org.junit.internal.runners.statements.RunBefores.evaluate(RunBefores.java:26)
	at org.junit.runners.ParentRunner.run(ParentRunner.java:363)
	at org.mockito.internal.runners.JUnit45AndHigherRunnerImpl.run(JUnit45AndHigherRunnerImpl.java:37)
	at org.mockito.runners.MockitoJUnitRunner.run(MockitoJUnitRunner.java:62)
	at org.gradle.api.internal.tasks.testing.junit.JUnitTestClassExecuter.runTestClass(JUnitTestClassExecuter.java:114)
	at org.gradle.api.internal.tasks.testing.junit.JUnitTestClassExecuter.execute(JUnitTestClassExecuter.java:57)
	at org.gradle.api.internal.tasks.testing.junit.JUnitTestClassProcessor.processTestClass(JUnitTestClassProcessor.java:66)
	at org.gradle.api.internal.tasks.testing.SuiteTestClassProcessor.processTestClass(SuiteTestClassProcessor.java:51)
	at sun.reflect.GeneratedMethodAccessor6.invoke(Unknown Source)
	at sun.reflect.DelegatingMethodAccessorImpl.invoke(DelegatingMethodAccessorImpl.java:43)
	at java.lang.reflect.Method.invoke(Method.java:606)
	at org.gradle.internal.dispatch.ReflectionDispatch.dispatch(ReflectionDispatch.java:35)
	at org.gradle.internal.dispatch.ReflectionDispatch.dispatch(ReflectionDispatch.java:24)
	at org.gradle.internal.dispatch.ContextClassLoaderDispatch.dispatch(ContextClassLoaderDispatch.java:32)
	at org.gradle.internal.dispatch.ProxyDispatchAdapter$DispatchingInvocationHandler.invoke(ProxyDispatchAdapter.java:93)
	at com.sun.proxy.$Proxy2.processTestClass(Unknown Source)
	at org.gradle.api.internal.tasks.testing.worker.TestWorker.processTestClass(TestWorker.java:109)
	at sun.reflect.GeneratedMethodAccessor5.invoke(Unknown Source)
	at sun.reflect.DelegatingMethodAccessorImpl.invoke(DelegatingMethodAccessorImpl.java:43)
	at java.lang.reflect.Method.invoke(Method.java:606)
	at org.gradle.internal.dispatch.ReflectionDispatch.dispatch(ReflectionDispatch.java:35)
	at org.gradle.internal.dispatch.ReflectionDispatch.dispatch(ReflectionDispatch.java:24)
	at org.gradle.internal.remote.internal.hub.MessageHub$Handler.run(MessageHub.java:377)
	at org.gradle.internal.concurrent.ExecutorPolicy$CatchAndRecordFailures.onExecute(ExecutorPolicy.java:54)
	at org.gradle.internal.concurrent.StoppableExecutorImpl$1.run(StoppableExecutorImpl.java:40)
	at java.util.concurrent.ThreadPoolExecutor.runWorker(ThreadPoolExecutor.java:1145)
	at java.util.concurrent.ThreadPoolExecutor$Worker.run(ThreadPoolExecutor.java:615)
	at java.lang.Thread.run(Thread.java:745)
Caused by: java.security.InvalidKeyException: Illegal key size or default parameters
	at javax.crypto.Cipher.checkCryptoPerm(Cipher.java:1011)
	at javax.crypto.Cipher.implInit(Cipher.java:786)
	at javax.crypto.Cipher.chooseProvider(Cipher.java:849)
	at javax.crypto.Cipher.init(Cipher.java:1213)
	at javax.crypto.Cipher.init(Cipher.java:1153)
	at com.ford.it.crypt.symmetric.SymmetricCipher.doEncryption(SymmetricCipher.java:173)
	... 48 more

Nov 09, 2016 3:06:17 PM com.ford.it.crypt.symmetric.SymmetricCipher doDecryption
SEVERE: 

	com.ford.it.crypt.symmetric.CryptException for user [UnKnown] self logged on Nov 09, 2016 03:06:17 PM.
	Exception instance reference code [13ECC4BA-76D2-72CE-4871-F5F44871F5F4].

com.ford.it.crypt.symmetric.CryptException: Error during symmetric decryption with algorithm [RC4]. The server must be updated with Unlimited Strength Encryption Policy Files; please see https://dept.sp.ford.com/sites/devtools/RSA/Pages/Updating%20Expired%20Signer%20in%20Unlimited%20Encryption%20Policy%20File.aspx for details.
	at com.ford.it.crypt.symmetric.SymmetricCipher.doDecryption(SymmetricCipher.java:234)
	at com.ford.it.crypt.symmetric.SymmetricCrypt.decrypt(SymmetricCrypt.java:315)
	at com.ford.purchasing.wips.common.layer.util.CryptUtil.decrypt(CryptUtil.java:43)
	at com.ford.purchasing.wips.common.layer.util.WipsUtil.decrpyt(WipsUtil.java:121)
	at com.ford.purchasing.wips.common.layer.WipsBaseRequest.getLterm(WipsBaseRequest.java:51)
	at com.ford.purchasing.wips.domain.lumpsum.service.LumpSumDetailAS.approveOrRejectLumpSum(LumpSumDetailAS.java:814)
	at com.ford.purchasing.wips.domain.lumpsum.service.LumpSumDetailASTest.confirmApproveLumpSum_WithWarning(LumpSumDetailASTest.java:792)
	at sun.reflect.NativeMethodAccessorImpl.invoke0(Native Method)
	at sun.reflect.NativeMethodAccessorImpl.invoke(NativeMethodAccessorImpl.java:57)
	at sun.reflect.DelegatingMethodAccessorImpl.invoke(DelegatingMethodAccessorImpl.java:43)
	at java.lang.reflect.Method.invoke(Method.java:606)
	at org.junit.runners.model.FrameworkMethod$1.runReflectiveCall(FrameworkMethod.java:50)
	at org.junit.internal.runners.model.ReflectiveCallable.run(ReflectiveCallable.java:12)
	at org.junit.runners.model.FrameworkMethod.invokeExplosively(FrameworkMethod.java:47)
	at org.junit.internal.runners.statements.InvokeMethod.evaluate(InvokeMethod.java:17)
	at org.junit.runners.ParentRunner.runLeaf(ParentRunner.java:325)
	at org.junit.runners.BlockJUnit4ClassRunner.runChild(BlockJUnit4ClassRunner.java:78)
	at org.junit.runners.BlockJUnit4ClassRunner.runChild(BlockJUnit4ClassRunner.java:57)
	at org.junit.runners.ParentRunner$3.run(ParentRunner.java:290)
	at org.junit.runners.ParentRunner$1.schedule(ParentRunner.java:71)
	at org.junit.runners.ParentRunner.runChildren(ParentRunner.java:288)
	at org.junit.runners.ParentRunner.access$000(ParentRunner.java:58)
	at org.junit.runners.ParentRunner$2.evaluate(ParentRunner.java:268)
	at org.junit.internal.runners.statements.RunBefores.evaluate(RunBefores.java:26)
	at org.junit.runners.ParentRunner.run(ParentRunner.java:363)
	at org.mockito.internal.runners.JUnit45AndHigherRunnerImpl.run(JUnit45AndHigherRunnerImpl.java:37)
	at org.mockito.runners.MockitoJUnitRunner.run(MockitoJUnitRunner.java:62)
	at org.gradle.api.internal.tasks.testing.junit.JUnitTestClassExecuter.runTestClass(JUnitTestClassExecuter.java:114)
	at org.gradle.api.internal.tasks.testing.junit.JUnitTestClassExecuter.execute(JUnitTestClassExecuter.java:57)
	at org.gradle.api.internal.tasks.testing.junit.JUnitTestClassProcessor.processTestClass(JUnitTestClassProcessor.java:66)
	at org.gradle.api.internal.tasks.testing.SuiteTestClassProcessor.processTestClass(SuiteTestClassProcessor.java:51)
	at sun.reflect.GeneratedMethodAccessor6.invoke(Unknown Source)
	at sun.reflect.DelegatingMethodAccessorImpl.invoke(DelegatingMethodAccessorImpl.java:43)
	at java.lang.reflect.Method.invoke(Method.java:606)
	at org.gradle.internal.dispatch.ReflectionDispatch.dispatch(ReflectionDispatch.java:35)
	at org.gradle.internal.dispatch.ReflectionDispatch.dispatch(ReflectionDispatch.java:24)
	at org.gradle.internal.dispatch.ContextClassLoaderDispatch.dispatch(ContextClassLoaderDispatch.java:32)
	at org.gradle.internal.dispatch.ProxyDispatchAdapter$DispatchingInvocationHandler.invoke(ProxyDispatchAdapter.java:93)
	at com.sun.proxy.$Proxy2.processTestClass(Unknown Source)
	at org.gradle.api.internal.tasks.testing.worker.TestWorker.processTestClass(TestWorker.java:109)
	at sun.reflect.GeneratedMethodAccessor5.invoke(Unknown Source)
	at sun.reflect.DelegatingMethodAccessorImpl.invoke(DelegatingMethodAccessorImpl.java:43)
	at java.lang.reflect.Method.invoke(Method.java:606)
	at org.gradle.internal.dispatch.ReflectionDispatch.dispatch(ReflectionDispatch.java:35)
	at org.gradle.internal.dispatch.ReflectionDispatch.dispatch(ReflectionDispatch.java:24)
	at org.gradle.internal.remote.internal.hub.MessageHub$Handler.run(MessageHub.java:377)
	at org.gradle.internal.concurrent.ExecutorPolicy$CatchAndRecordFailures.onExecute(ExecutorPolicy.java:54)
	at org.gradle.internal.concurrent.StoppableExecutorImpl$1.run(StoppableExecutorImpl.java:40)
	at java.util.concurrent.ThreadPoolExecutor.runWorker(ThreadPoolExecutor.java:1145)
	at java.util.concurrent.ThreadPoolExecutor$Worker.run(ThreadPoolExecutor.java:615)
	at java.lang.Thread.run(Thread.java:745)
Caused by: java.security.InvalidKeyException: Illegal key size or default parameters
	at javax.crypto.Cipher.checkCryptoPerm(Cipher.java:1011)
	at javax.crypto.Cipher.implInit(Cipher.java:786)
	at javax.crypto.Cipher.chooseProvider(Cipher.java:849)
	at javax.crypto.Cipher.init(Cipher.java:1213)
	at javax.crypto.Cipher.init(Cipher.java:1153)
	at com.ford.it.crypt.symmetric.SymmetricCipher.doDecryption(SymmetricCipher.java:218)
	... 50 more

Nov 09, 2016 3:06:17 PM com.ford.it.crypt.symmetric.SymmetricCrypt decrypt()
SEVERE: 

	com.ford.it.crypt.symmetric.CryptException for user [UnKnown] self logged on Nov 09, 2016 03:06:17 PM.
	Exception instance reference code [13ECC4BA-6ED1-32FC-4871-F6004871F600].

com.ford.it.crypt.symmetric.CryptException: The string to decrypt must be a valid BASE64 encoded String (The length must be divisible by 4 and can only include characters A-Z, a-z, 0-9, +, /, =). Use the encrypt method to ensure a properly encrypted string to decrypt.
	at com.ford.it.crypt.symmetric.SymmetricCrypt.decrypt(SymmetricCrypt.java:328)
	at com.ford.purchasing.wips.common.layer.util.CryptUtil.decrypt(CryptUtil.java:43)
	at com.ford.purchasing.wips.common.layer.util.WipsUtil.decrpyt(WipsUtil.java:121)
	at com.ford.purchasing.wips.common.layer.WipsBaseRequest.getLterm(WipsBaseRequest.java:51)
	at com.ford.purchasing.wips.domain.layer.WipsBaseAS.populateEppsInput(WipsBaseAS.java:99)
	at com.ford.purchasing.wips.domain.layer.WipsBaseAS.executeEppsCallForAuthentication(WipsBaseAS.java:67)
	at com.ford.purchasing.wips.domain.lumpsum.service.LumpSumDetailAS.retrieveLatestAmendmentDetails(LumpSumDetailAS.java:557)
	at com.ford.purchasing.wips.domain.lumpsum.service.LumpSumDetailAS.confirmPaymentDescription(LumpSumDetailAS.java:655)
	at com.ford.purchasing.wips.domain.lumpsum.service.LumpSumDetailASTest.imsExceptionDuringAuthentication_confirmPayment(LumpSumDetailASTest.java:610)
	at sun.reflect.NativeMethodAccessorImpl.invoke0(Native Method)
	at sun.reflect.NativeMethodAccessorImpl.invoke(NativeMethodAccessorImpl.java:57)
	at sun.reflect.DelegatingMethodAccessorImpl.invoke(DelegatingMethodAccessorImpl.java:43)
	at java.lang.reflect.Method.invoke(Method.java:606)
	at org.junit.runners.model.FrameworkMethod$1.runReflectiveCall(FrameworkMethod.java:50)
	at org.junit.internal.runners.model.ReflectiveCallable.run(ReflectiveCallable.java:12)
	at org.junit.runners.model.FrameworkMethod.invokeExplosively(FrameworkMethod.java:47)
	at org.junit.internal.runners.statements.InvokeMethod.evaluate(InvokeMethod.java:17)
	at org.junit.runners.ParentRunner.runLeaf(ParentRunner.java:325)
	at org.junit.runners.BlockJUnit4ClassRunner.runChild(BlockJUnit4ClassRunner.java:78)
	at org.junit.runners.BlockJUnit4ClassRunner.runChild(BlockJUnit4ClassRunner.java:57)
	at org.junit.runners.ParentRunner$3.run(ParentRunner.java:290)
	at org.junit.runners.ParentRunner$1.schedule(ParentRunner.java:71)
	at org.junit.runners.ParentRunner.runChildren(ParentRunner.java:288)
	at org.junit.runners.ParentRunner.access$000(ParentRunner.java:58)
	at org.junit.runners.ParentRunner$2.evaluate(ParentRunner.java:268)
	at org.junit.internal.runners.statements.RunBefores.evaluate(RunBefores.java:26)
	at org.junit.runners.ParentRunner.run(ParentRunner.java:363)
	at org.mockito.internal.runners.JUnit45AndHigherRunnerImpl.run(JUnit45AndHigherRunnerImpl.java:37)
	at org.mockito.runners.MockitoJUnitRunner.run(MockitoJUnitRunner.java:62)
	at org.gradle.api.internal.tasks.testing.junit.JUnitTestClassExecuter.runTestClass(JUnitTestClassExecuter.java:114)
	at org.gradle.api.internal.tasks.testing.junit.JUnitTestClassExecuter.execute(JUnitTestClassExecuter.java:57)
	at org.gradle.api.internal.tasks.testing.junit.JUnitTestClassProcessor.processTestClass(JUnitTestClassProcessor.java:66)
	at org.gradle.api.internal.tasks.testing.SuiteTestClassProcessor.processTestClass(SuiteTestClassProcessor.java:51)
	at sun.reflect.GeneratedMethodAccessor6.invoke(Unknown Source)
	at sun.reflect.DelegatingMethodAccessorImpl.invoke(DelegatingMethodAccessorImpl.java:43)
	at java.lang.reflect.Method.invoke(Method.java:606)
	at org.gradle.internal.dispatch.ReflectionDispatch.dispatch(ReflectionDispatch.java:35)
	at org.gradle.internal.dispatch.ReflectionDispatch.dispatch(ReflectionDispatch.java:24)
	at org.gradle.internal.dispatch.ContextClassLoaderDispatch.dispatch(ContextClassLoaderDispatch.java:32)
	at org.gradle.internal.dispatch.ProxyDispatchAdapter$DispatchingInvocationHandler.invoke(ProxyDispatchAdapter.java:93)
	at com.sun.proxy.$Proxy2.processTestClass(Unknown Source)
	at org.gradle.api.internal.tasks.testing.worker.TestWorker.processTestClass(TestWorker.java:109)
	at sun.reflect.GeneratedMethodAccessor5.invoke(Unknown Source)
	at sun.reflect.DelegatingMethodAccessorImpl.invoke(DelegatingMethodAccessorImpl.java:43)
	at java.lang.reflect.Method.invoke(Method.java:606)
	at org.gradle.internal.dispatch.ReflectionDispatch.dispatch(ReflectionDispatch.java:35)
	at org.gradle.internal.dispatch.ReflectionDispatch.dispatch(ReflectionDispatch.java:24)
	at org.gradle.internal.remote.internal.hub.MessageHub$Handler.run(MessageHub.java:377)
	at org.gradle.internal.concurrent.ExecutorPolicy$CatchAndRecordFailures.onExecute(ExecutorPolicy.java:54)
	at org.gradle.internal.concurrent.StoppableExecutorImpl$1.run(StoppableExecutorImpl.java:40)
	at java.util.concurrent.ThreadPoolExecutor.runWorker(ThreadPoolExecutor.java:1145)
	at java.util.concurrent.ThreadPoolExecutor$Worker.run(ThreadPoolExecutor.java:615)
	at java.lang.Thread.run(Thread.java:745)

Nov 09, 2016 3:06:17 PM com.ford.it.crypt.symmetric.SymmetricCrypt decrypt()
SEVERE: 

	com.ford.it.crypt.symmetric.CryptException for user [UnKnown] self logged on Nov 09, 2016 03:06:17 PM.
	Exception instance reference code [13ECC4BA-F1D6-6C3B-4871-F6194871F619].

com.ford.it.crypt.symmetric.CryptException: The string to decrypt must be a valid BASE64 encoded String (The length must be divisible by 4 and can only include characters A-Z, a-z, 0-9, +, /, =). Use the encrypt method to ensure a properly encrypted string to decrypt.
	at com.ford.it.crypt.symmetric.SymmetricCrypt.decrypt(SymmetricCrypt.java:328)
	at com.ford.purchasing.wips.common.layer.util.CryptUtil.decrypt(CryptUtil.java:43)
	at com.ford.purchasing.wips.common.layer.util.WipsUtil.decrpyt(WipsUtil.java:121)
	at com.ford.purchasing.wips.common.layer.WipsBaseRequest.getLterm(WipsBaseRequest.java:51)
	at com.ford.purchasing.wips.domain.layer.WipsBaseAS.populateEppsInput(WipsBaseAS.java:99)
	at com.ford.purchasing.wips.domain.layer.WipsBaseAS.executeEppsCallForAuthentication(WipsBaseAS.java:67)
	at com.ford.purchasing.wips.domain.lumpsum.service.LumpSumDetailAS.retrieveLatestAmendmentDetails(LumpSumDetailAS.java:557)
	at com.ford.purchasing.wips.domain.lumpsum.service.LumpSumDetailAS.retrieveLumpSumDetail(LumpSumDetailAS.java:135)
	at com.ford.purchasing.wips.domain.lumpsum.service.LumpSumDetailASTest.imsExceptionDuringAuthentication(LumpSumDetailASTest.java:240)
	at sun.reflect.NativeMethodAccessorImpl.invoke0(Native Method)
	at sun.reflect.NativeMethodAccessorImpl.invoke(NativeMethodAccessorImpl.java:57)
	at sun.reflect.DelegatingMethodAccessorImpl.invoke(DelegatingMethodAccessorImpl.java:43)
	at java.lang.reflect.Method.invoke(Method.java:606)
	at org.junit.runners.model.FrameworkMethod$1.runReflectiveCall(FrameworkMethod.java:50)
	at org.junit.internal.runners.model.ReflectiveCallable.run(ReflectiveCallable.java:12)
	at org.junit.runners.model.FrameworkMethod.invokeExplosively(FrameworkMethod.java:47)
	at org.junit.internal.runners.statements.InvokeMethod.evaluate(InvokeMethod.java:17)
	at org.junit.runners.ParentRunner.runLeaf(ParentRunner.java:325)
	at org.junit.runners.BlockJUnit4ClassRunner.runChild(BlockJUnit4ClassRunner.java:78)
	at org.junit.runners.BlockJUnit4ClassRunner.runChild(BlockJUnit4ClassRunner.java:57)
	at org.junit.runners.ParentRunner$3.run(ParentRunner.java:290)
	at org.junit.runners.ParentRunner$1.schedule(ParentRunner.java:71)
	at org.junit.runners.ParentRunner.runChildren(ParentRunner.java:288)
	at org.junit.runners.ParentRunner.access$000(ParentRunner.java:58)
	at org.junit.runners.ParentRunner$2.evaluate(ParentRunner.java:268)
	at org.junit.internal.runners.statements.RunBefores.evaluate(RunBefores.java:26)
	at org.junit.runners.ParentRunner.run(ParentRunner.java:363)
	at org.mockito.internal.runners.JUnit45AndHigherRunnerImpl.run(JUnit45AndHigherRunnerImpl.java:37)
	at org.mockito.runners.MockitoJUnitRunner.run(MockitoJUnitRunner.java:62)
	at org.gradle.api.internal.tasks.testing.junit.JUnitTestClassExecuter.runTestClass(JUnitTestClassExecuter.java:114)
	at org.gradle.api.internal.tasks.testing.junit.JUnitTestClassExecuter.execute(JUnitTestClassExecuter.java:57)
	at org.gradle.api.internal.tasks.testing.junit.JUnitTestClassProcessor.processTestClass(JUnitTestClassProcessor.java:66)
	at org.gradle.api.internal.tasks.testing.SuiteTestClassProcessor.processTestClass(SuiteTestClassProcessor.java:51)
	at sun.reflect.GeneratedMethodAccessor6.invoke(Unknown Source)
	at sun.reflect.DelegatingMethodAccessorImpl.invoke(DelegatingMethodAccessorImpl.java:43)
	at java.lang.reflect.Method.invoke(Method.java:606)
	at org.gradle.internal.dispatch.ReflectionDispatch.dispatch(ReflectionDispatch.java:35)
	at org.gradle.internal.dispatch.ReflectionDispatch.dispatch(ReflectionDispatch.java:24)
	at org.gradle.internal.dispatch.ContextClassLoaderDispatch.dispatch(ContextClassLoaderDispatch.java:32)
	at org.gradle.internal.dispatch.ProxyDispatchAdapter$DispatchingInvocationHandler.invoke(ProxyDispatchAdapter.java:93)
	at com.sun.proxy.$Proxy2.processTestClass(Unknown Source)
	at org.gradle.api.internal.tasks.testing.worker.TestWorker.processTestClass(TestWorker.java:109)
	at sun.reflect.GeneratedMethodAccessor5.invoke(Unknown Source)
	at sun.reflect.DelegatingMethodAccessorImpl.invoke(DelegatingMethodAccessorImpl.java:43)
	at java.lang.reflect.Method.invoke(Method.java:606)
	at org.gradle.internal.dispatch.ReflectionDispatch.dispatch(ReflectionDispatch.java:35)
	at org.gradle.internal.dispatch.ReflectionDispatch.dispatch(ReflectionDispatch.java:24)
	at org.gradle.internal.remote.internal.hub.MessageHub$Handler.run(MessageHub.java:377)
	at org.gradle.internal.concurrent.ExecutorPolicy$CatchAndRecordFailures.onExecute(ExecutorPolicy.java:54)
	at org.gradle.internal.concurrent.StoppableExecutorImpl$1.run(StoppableExecutorImpl.java:40)
	at java.util.concurrent.ThreadPoolExecutor.runWorker(ThreadPoolExecutor.java:1145)
	at java.util.concurrent.ThreadPoolExecutor$Worker.run(ThreadPoolExecutor.java:615)
	at java.lang.Thread.run(Thread.java:745)

Nov 09, 2016 3:06:17 PM com.ford.it.crypt.symmetric.SymmetricCipher doEncryption
SEVERE: 

	com.ford.it.crypt.symmetric.CryptException for user [UnKnown] self logged on Nov 09, 2016 03:06:17 PM.
	Exception instance reference code [13ECC4BA-B2CC-B2D7-4871-F6254871F625].

com.ford.it.crypt.symmetric.CryptException: Error during symmetric encrytpion with algorithm [RC4].
	at com.ford.it.crypt.symmetric.SymmetricCipher.doEncryption(SymmetricCipher.java:183)
	at com.ford.it.crypt.symmetric.SymmetricCrypt.encrypt(SymmetricCrypt.java:147)
	at com.ford.purchasing.wips.common.layer.util.CryptUtil.encrypt(CryptUtil.java:54)
	at com.ford.purchasing.wips.common.layer.util.WipsUtil.encrpyt(WipsUtil.java:109)
	at com.ford.purchasing.wips.domain.lumpsum.service.LumpSumDetailASTest.createAltJobCodeLumpSumRequest(LumpSumDetailASTest.java:713)
	at com.ford.purchasing.wips.domain.lumpsum.service.LumpSumDetailASTest.saveLumpSumDetails_AltJobCode(LumpSumDetailASTest.java:516)
	at sun.reflect.NativeMethodAccessorImpl.invoke0(Native Method)
	at sun.reflect.NativeMethodAccessorImpl.invoke(NativeMethodAccessorImpl.java:57)
	at sun.reflect.DelegatingMethodAccessorImpl.invoke(DelegatingMethodAccessorImpl.java:43)
	at java.lang.reflect.Method.invoke(Method.java:606)
	at org.junit.runners.model.FrameworkMethod$1.runReflectiveCall(FrameworkMethod.java:50)
	at org.junit.internal.runners.model.ReflectiveCallable.run(ReflectiveCallable.java:12)
	at org.junit.runners.model.FrameworkMethod.invokeExplosively(FrameworkMethod.java:47)
	at org.junit.internal.runners.statements.InvokeMethod.evaluate(InvokeMethod.java:17)
	at org.junit.runners.ParentRunner.runLeaf(ParentRunner.java:325)
	at org.junit.runners.BlockJUnit4ClassRunner.runChild(BlockJUnit4ClassRunner.java:78)
	at org.junit.runners.BlockJUnit4ClassRunner.runChild(BlockJUnit4ClassRunner.java:57)
	at org.junit.runners.ParentRunner$3.run(ParentRunner.java:290)
	at org.junit.runners.ParentRunner$1.schedule(ParentRunner.java:71)
	at org.junit.runners.ParentRunner.runChildren(ParentRunner.java:288)
	at org.junit.runners.ParentRunner.access$000(ParentRunner.java:58)
	at org.junit.runners.ParentRunner$2.evaluate(ParentRunner.java:268)
	at org.junit.internal.runners.statements.RunBefores.evaluate(RunBefores.java:26)
	at org.junit.runners.ParentRunner.run(ParentRunner.java:363)
	at org.mockito.internal.runners.JUnit45AndHigherRunnerImpl.run(JUnit45AndHigherRunnerImpl.java:37)
	at org.mockito.runners.MockitoJUnitRunner.run(MockitoJUnitRunner.java:62)
	at org.gradle.api.internal.tasks.testing.junit.JUnitTestClassExecuter.runTestClass(JUnitTestClassExecuter.java:114)
	at org.gradle.api.internal.tasks.testing.junit.JUnitTestClassExecuter.execute(JUnitTestClassExecuter.java:57)
	at org.gradle.api.internal.tasks.testing.junit.JUnitTestClassProcessor.processTestClass(JUnitTestClassProcessor.java:66)
	at org.gradle.api.internal.tasks.testing.SuiteTestClassProcessor.processTestClass(SuiteTestClassProcessor.java:51)
	at sun.reflect.GeneratedMethodAccessor6.invoke(Unknown Source)
	at sun.reflect.DelegatingMethodAccessorImpl.invoke(DelegatingMethodAccessorImpl.java:43)
	at java.lang.reflect.Method.invoke(Method.java:606)
	at org.gradle.internal.dispatch.ReflectionDispatch.dispatch(ReflectionDispatch.java:35)
	at org.gradle.internal.dispatch.ReflectionDispatch.dispatch(ReflectionDispatch.java:24)
	at org.gradle.internal.dispatch.ContextClassLoaderDispatch.dispatch(ContextClassLoaderDispatch.java:32)
	at org.gradle.internal.dispatch.ProxyDispatchAdapter$DispatchingInvocationHandler.invoke(ProxyDispatchAdapter.java:93)
	at com.sun.proxy.$Proxy2.processTestClass(Unknown Source)
	at org.gradle.api.internal.tasks.testing.worker.TestWorker.processTestClass(TestWorker.java:109)
	at sun.reflect.GeneratedMethodAccessor5.invoke(Unknown Source)
	at sun.reflect.DelegatingMethodAccessorImpl.invoke(DelegatingMethodAccessorImpl.java:43)
	at java.lang.reflect.Method.invoke(Method.java:606)
	at org.gradle.internal.dispatch.ReflectionDispatch.dispatch(ReflectionDispatch.java:35)
	at org.gradle.internal.dispatch.ReflectionDispatch.dispatch(ReflectionDispatch.java:24)
	at org.gradle.internal.remote.internal.hub.MessageHub$Handler.run(MessageHub.java:377)
	at org.gradle.internal.concurrent.ExecutorPolicy$CatchAndRecordFailures.onExecute(ExecutorPolicy.java:54)
	at org.gradle.internal.concurrent.StoppableExecutorImpl$1.run(StoppableExecutorImpl.java:40)
	at java.util.concurrent.ThreadPoolExecutor.runWorker(ThreadPoolExecutor.java:1145)
	at java.util.concurrent.ThreadPoolExecutor$Worker.run(ThreadPoolExecutor.java:615)
	at java.lang.Thread.run(Thread.java:745)
Caused by: java.security.InvalidKeyException: Illegal key size or default parameters
	at javax.crypto.Cipher.checkCryptoPerm(Cipher.java:1011)
	at javax.crypto.Cipher.implInit(Cipher.java:786)
	at javax.crypto.Cipher.chooseProvider(Cipher.java:849)
	at javax.crypto.Cipher.init(Cipher.java:1213)
	at javax.crypto.Cipher.init(Cipher.java:1153)
	at com.ford.it.crypt.symmetric.SymmetricCipher.doEncryption(SymmetricCipher.java:173)
	... 49 more

Nov 09, 2016 3:06:17 PM com.ford.it.crypt.symmetric.SymmetricCipher doDecryption
SEVERE: 

	com.ford.it.crypt.symmetric.CryptException for user [UnKnown] self logged on Nov 09, 2016 03:06:17 PM.
	Exception instance reference code [13ECC4BA-8328-3274-4871-F62A4871F62A].

com.ford.it.crypt.symmetric.CryptException: Error during symmetric decryption with algorithm [RC4]. The server must be updated with Unlimited Strength Encryption Policy Files; please see https://dept.sp.ford.com/sites/devtools/RSA/Pages/Updating%20Expired%20Signer%20in%20Unlimited%20Encryption%20Policy%20File.aspx for details.
	at com.ford.it.crypt.symmetric.SymmetricCipher.doDecryption(SymmetricCipher.java:234)
	at com.ford.it.crypt.symmetric.SymmetricCrypt.decrypt(SymmetricCrypt.java:315)
	at com.ford.purchasing.wips.common.layer.util.CryptUtil.decrypt(CryptUtil.java:43)
	at com.ford.purchasing.wips.common.layer.util.WipsUtil.decrpyt(WipsUtil.java:121)
	at com.ford.purchasing.wips.common.layer.WipsBaseRequest.getLterm(WipsBaseRequest.java:51)
	at com.ford.purchasing.wips.domain.layer.WipsBaseAS.populateEppsInput(WipsBaseAS.java:99)
	at com.ford.purchasing.wips.domain.layer.WipsBaseAS.executeEppsCallForAuthentication(WipsBaseAS.java:67)
	at com.ford.purchasing.wips.domain.lumpsum.service.LumpSumDetailAS.retrieveLatestAmendmentDetails(LumpSumDetailAS.java:557)
	at com.ford.purchasing.wips.domain.lumpsum.service.LumpSumDetailAS.saveLumpSumDetails(LumpSumDetailAS.java:200)
	at com.ford.purchasing.wips.domain.lumpsum.service.LumpSumDetailASTest.saveLumpSumDetails_AltJobCode(LumpSumDetailASTest.java:541)
	at sun.reflect.NativeMethodAccessorImpl.invoke0(Native Method)
	at sun.reflect.NativeMethodAccessorImpl.invoke(NativeMethodAccessorImpl.java:57)
	at sun.reflect.DelegatingMethodAccessorImpl.invoke(DelegatingMethodAccessorImpl.java:43)
	at java.lang.reflect.Method.invoke(Method.java:606)
	at org.junit.runners.model.FrameworkMethod$1.runReflectiveCall(FrameworkMethod.java:50)
	at org.junit.internal.runners.model.ReflectiveCallable.run(ReflectiveCallable.java:12)
	at org.junit.runners.model.FrameworkMethod.invokeExplosively(FrameworkMethod.java:47)
	at org.junit.internal.runners.statements.InvokeMethod.evaluate(InvokeMethod.java:17)
	at org.junit.runners.ParentRunner.runLeaf(ParentRunner.java:325)
	at org.junit.runners.BlockJUnit4ClassRunner.runChild(BlockJUnit4ClassRunner.java:78)
	at org.junit.runners.BlockJUnit4ClassRunner.runChild(BlockJUnit4ClassRunner.java:57)
	at org.junit.runners.ParentRunner$3.run(ParentRunner.java:290)
	at org.junit.runners.ParentRunner$1.schedule(ParentRunner.java:71)
	at org.junit.runners.ParentRunner.runChildren(ParentRunner.java:288)
	at org.junit.runners.ParentRunner.access$000(ParentRunner.java:58)
	at org.junit.runners.ParentRunner$2.evaluate(ParentRunner.java:268)
	at org.junit.internal.runners.statements.RunBefores.evaluate(RunBefores.java:26)
	at org.junit.runners.ParentRunner.run(ParentRunner.java:363)
	at org.mockito.internal.runners.JUnit45AndHigherRunnerImpl.run(JUnit45AndHigherRunnerImpl.java:37)
	at org.mockito.runners.MockitoJUnitRunner.run(MockitoJUnitRunner.java:62)
	at org.gradle.api.internal.tasks.testing.junit.JUnitTestClassExecuter.runTestClass(JUnitTestClassExecuter.java:114)
	at org.gradle.api.internal.tasks.testing.junit.JUnitTestClassExecuter.execute(JUnitTestClassExecuter.java:57)
	at org.gradle.api.internal.tasks.testing.junit.JUnitTestClassProcessor.processTestClass(JUnitTestClassProcessor.java:66)
	at org.gradle.api.internal.tasks.testing.SuiteTestClassProcessor.processTestClass(SuiteTestClassProcessor.java:51)
	at sun.reflect.GeneratedMethodAccessor6.invoke(Unknown Source)
	at sun.reflect.DelegatingMethodAccessorImpl.invoke(DelegatingMethodAccessorImpl.java:43)
	at java.lang.reflect.Method.invoke(Method.java:606)
	at org.gradle.internal.dispatch.ReflectionDispatch.dispatch(ReflectionDispatch.java:35)
	at org.gradle.internal.dispatch.ReflectionDispatch.dispatch(ReflectionDispatch.java:24)
	at org.gradle.internal.dispatch.ContextClassLoaderDispatch.dispatch(ContextClassLoaderDispatch.java:32)
	at org.gradle.internal.dispatch.ProxyDispatchAdapter$DispatchingInvocationHandler.invoke(ProxyDispatchAdapter.java:93)
	at com.sun.proxy.$Proxy2.processTestClass(Unknown Source)
	at org.gradle.api.internal.tasks.testing.worker.TestWorker.processTestClass(TestWorker.java:109)
	at sun.reflect.GeneratedMethodAccessor5.invoke(Unknown Source)
	at sun.reflect.DelegatingMethodAccessorImpl.invoke(DelegatingMethodAccessorImpl.java:43)
	at java.lang.reflect.Method.invoke(Method.java:606)
	at org.gradle.internal.dispatch.ReflectionDispatch.dispatch(ReflectionDispatch.java:35)
	at org.gradle.internal.dispatch.ReflectionDispatch.dispatch(ReflectionDispatch.java:24)
	at org.gradle.internal.remote.internal.hub.MessageHub$Handler.run(MessageHub.java:377)
	at org.gradle.internal.concurrent.ExecutorPolicy$CatchAndRecordFailures.onExecute(ExecutorPolicy.java:54)
	at org.gradle.internal.concurrent.StoppableExecutorImpl$1.run(StoppableExecutorImpl.java:40)
	at java.util.concurrent.ThreadPoolExecutor.runWorker(ThreadPoolExecutor.java:1145)
	at java.util.concurrent.ThreadPoolExecutor$Worker.run(ThreadPoolExecutor.java:615)
	at java.lang.Thread.run(Thread.java:745)
Caused by: java.security.InvalidKeyException: Illegal key size or default parameters
	at javax.crypto.Cipher.checkCryptoPerm(Cipher.java:1011)
	at javax.crypto.Cipher.implInit(Cipher.java:786)
	at javax.crypto.Cipher.chooseProvider(Cipher.java:849)
	at javax.crypto.Cipher.init(Cipher.java:1213)
	at javax.crypto.Cipher.init(Cipher.java:1153)
	at com.ford.it.crypt.symmetric.SymmetricCipher.doDecryption(SymmetricCipher.java:218)
	... 53 more

Nov 09, 2016 3:06:17 PM com.ford.it.logging.JdkMapper info
INFO: String length26 test remarks entered once 
Nov 09, 2016 3:06:17 PM com.ford.it.logging.JdkMapper info
INFO: String length33  test remarks entered second time
Nov 09, 2016 3:06:17 PM CLASS_NAME METHOD_NAME
SEVERE: 

	com.ford.purchasing.wips.domain.layer.exception.WipsImsInterfaceException for user [UnKnown] self logged on Nov 09, 2016 03:06:17 PM.
	Exception instance reference code [13ECC4BA-0D8D-355F-4871-F6384871F638].

com.ford.purchasing.wips.domain.layer.exception.WipsImsInterfaceException: Security failure. RACF call failed
	at com.ford.purchasing.wips.domain.lumpsum.service.LumpSumDetailASTest.connectorExceptionDueAuthenticationFailure_saveLumpsum(LumpSumDetailASTest.java:621)
	at sun.reflect.NativeMethodAccessorImpl.invoke0(Native Method)
	at sun.reflect.NativeMethodAccessorImpl.invoke(NativeMethodAccessorImpl.java:57)
	at sun.reflect.DelegatingMethodAccessorImpl.invoke(DelegatingMethodAccessorImpl.java:43)
	at java.lang.reflect.Method.invoke(Method.java:606)
	at org.junit.runners.model.FrameworkMethod$1.runReflectiveCall(FrameworkMethod.java:50)
	at org.junit.internal.runners.model.ReflectiveCallable.run(ReflectiveCallable.java:12)
	at org.junit.runners.model.FrameworkMethod.invokeExplosively(FrameworkMethod.java:47)
	at org.junit.internal.runners.statements.InvokeMethod.evaluate(InvokeMethod.java:17)
	at org.junit.runners.ParentRunner.runLeaf(ParentRunner.java:325)
	at org.junit.runners.BlockJUnit4ClassRunner.runChild(BlockJUnit4ClassRunner.java:78)
	at org.junit.runners.BlockJUnit4ClassRunner.runChild(BlockJUnit4ClassRunner.java:57)
	at org.junit.runners.ParentRunner$3.run(ParentRunner.java:290)
	at org.junit.runners.ParentRunner$1.schedule(ParentRunner.java:71)
	at org.junit.runners.ParentRunner.runChildren(ParentRunner.java:288)
	at org.junit.runners.ParentRunner.access$000(ParentRunner.java:58)
	at org.junit.runners.ParentRunner$2.evaluate(ParentRunner.java:268)
	at org.junit.internal.runners.statements.RunBefores.evaluate(RunBefores.java:26)
	at org.junit.runners.ParentRunner.run(ParentRunner.java:363)
	at org.mockito.internal.runners.JUnit45AndHigherRunnerImpl.run(JUnit45AndHigherRunnerImpl.java:37)
	at org.mockito.runners.MockitoJUnitRunner.run(MockitoJUnitRunner.java:62)
	at org.gradle.api.internal.tasks.testing.junit.JUnitTestClassExecuter.runTestClass(JUnitTestClassExecuter.java:114)
	at org.gradle.api.internal.tasks.testing.junit.JUnitTestClassExecuter.execute(JUnitTestClassExecuter.java:57)
	at org.gradle.api.internal.tasks.testing.junit.JUnitTestClassProcessor.processTestClass(JUnitTestClassProcessor.java:66)
	at org.gradle.api.internal.tasks.testing.SuiteTestClassProcessor.processTestClass(SuiteTestClassProcessor.java:51)
	at sun.reflect.GeneratedMethodAccessor6.invoke(Unknown Source)
	at sun.reflect.DelegatingMethodAccessorImpl.invoke(DelegatingMethodAccessorImpl.java:43)
	at java.lang.reflect.Method.invoke(Method.java:606)
	at org.gradle.internal.dispatch.ReflectionDispatch.dispatch(ReflectionDispatch.java:35)
	at org.gradle.internal.dispatch.ReflectionDispatch.dispatch(ReflectionDispatch.java:24)
	at org.gradle.internal.dispatch.ContextClassLoaderDispatch.dispatch(ContextClassLoaderDispatch.java:32)
	at org.gradle.internal.dispatch.ProxyDispatchAdapter$DispatchingInvocationHandler.invoke(ProxyDispatchAdapter.java:93)
	at com.sun.proxy.$Proxy2.processTestClass(Unknown Source)
	at org.gradle.api.internal.tasks.testing.worker.TestWorker.processTestClass(TestWorker.java:109)
	at sun.reflect.GeneratedMethodAccessor5.invoke(Unknown Source)
	at sun.reflect.DelegatingMethodAccessorImpl.invoke(DelegatingMethodAccessorImpl.java:43)
	at java.lang.reflect.Method.invoke(Method.java:606)
	at org.gradle.internal.dispatch.ReflectionDispatch.dispatch(ReflectionDispatch.java:35)
	at org.gradle.internal.dispatch.ReflectionDispatch.dispatch(ReflectionDispatch.java:24)
	at org.gradle.internal.remote.internal.hub.MessageHub$Handler.run(MessageHub.java:377)
	at org.gradle.internal.concurrent.ExecutorPolicy$CatchAndRecordFailures.onExecute(ExecutorPolicy.java:54)
	at org.gradle.internal.concurrent.StoppableExecutorImpl$1.run(StoppableExecutorImpl.java:40)
	at java.util.concurrent.ThreadPoolExecutor.runWorker(ThreadPoolExecutor.java:1145)
	at java.util.concurrent.ThreadPoolExecutor$Worker.run(ThreadPoolExecutor.java:615)
	at java.lang.Thread.run(Thread.java:745)

Nov 09, 2016 3:06:17 PM com.ford.it.crypt.symmetric.SymmetricCrypt decrypt()
SEVERE: 

	com.ford.it.crypt.symmetric.CryptException for user [UnKnown] self logged on Nov 09, 2016 03:06:17 PM.
	Exception instance reference code [13ECC4BA-6C05-AC53-4871-F63A4871F63A].

com.ford.it.crypt.symmetric.CryptException: The string to decrypt must be a valid BASE64 encoded String (The length must be divisible by 4 and can only include characters A-Z, a-z, 0-9, +, /, =). Use the encrypt method to ensure a properly encrypted string to decrypt.
	at com.ford.it.crypt.symmetric.SymmetricCrypt.decrypt(SymmetricCrypt.java:328)
	at com.ford.purchasing.wips.common.layer.util.CryptUtil.decrypt(CryptUtil.java:43)
	at com.ford.purchasing.wips.common.layer.util.WipsUtil.decrpyt(WipsUtil.java:121)
	at com.ford.purchasing.wips.common.layer.WipsBaseRequest.getLterm(WipsBaseRequest.java:51)
	at com.ford.purchasing.wips.domain.layer.WipsBaseAS.populateEppsInput(WipsBaseAS.java:99)
	at com.ford.purchasing.wips.domain.layer.WipsBaseAS.executeEppsCallForAuthentication(WipsBaseAS.java:67)
	at com.ford.purchasing.wips.domain.lumpsum.service.LumpSumDetailAS.retrieveLatestAmendmentDetails(LumpSumDetailAS.java:557)
	at com.ford.purchasing.wips.domain.lumpsum.service.LumpSumDetailAS.saveLumpSumDetails(LumpSumDetailAS.java:200)
	at com.ford.purchasing.wips.domain.lumpsum.service.LumpSumDetailASTest.connectorExceptionDueAuthenticationFailure_saveLumpsum(LumpSumDetailASTest.java:628)
	at sun.reflect.NativeMethodAccessorImpl.invoke0(Native Method)
	at sun.reflect.NativeMethodAccessorImpl.invoke(NativeMethodAccessorImpl.java:57)
	at sun.reflect.DelegatingMethodAccessorImpl.invoke(DelegatingMethodAccessorImpl.java:43)
	at java.lang.reflect.Method.invoke(Method.java:606)
	at org.junit.runners.model.FrameworkMethod$1.runReflectiveCall(FrameworkMethod.java:50)
	at org.junit.internal.runners.model.ReflectiveCallable.run(ReflectiveCallable.java:12)
	at org.junit.runners.model.FrameworkMethod.invokeExplosively(FrameworkMethod.java:47)
	at org.junit.internal.runners.statements.InvokeMethod.evaluate(InvokeMethod.java:17)
	at org.junit.runners.ParentRunner.runLeaf(ParentRunner.java:325)
	at org.junit.runners.BlockJUnit4ClassRunner.runChild(BlockJUnit4ClassRunner.java:78)
	at org.junit.runners.BlockJUnit4ClassRunner.runChild(BlockJUnit4ClassRunner.java:57)
	at org.junit.runners.ParentRunner$3.run(ParentRunner.java:290)
	at org.junit.runners.ParentRunner$1.schedule(ParentRunner.java:71)
	at org.junit.runners.ParentRunner.runChildren(ParentRunner.java:288)
	at org.junit.runners.ParentRunner.access$000(ParentRunner.java:58)
	at org.junit.runners.ParentRunner$2.evaluate(ParentRunner.java:268)
	at org.junit.internal.runners.statements.RunBefores.evaluate(RunBefores.java:26)
	at org.junit.runners.ParentRunner.run(ParentRunner.java:363)
	at org.mockito.internal.runners.JUnit45AndHigherRunnerImpl.run(JUnit45AndHigherRunnerImpl.java:37)
	at org.mockito.runners.MockitoJUnitRunner.run(MockitoJUnitRunner.java:62)
	at org.gradle.api.internal.tasks.testing.junit.JUnitTestClassExecuter.runTestClass(JUnitTestClassExecuter.java:114)
	at org.gradle.api.internal.tasks.testing.junit.JUnitTestClassExecuter.execute(JUnitTestClassExecuter.java:57)
	at org.gradle.api.internal.tasks.testing.junit.JUnitTestClassProcessor.processTestClass(JUnitTestClassProcessor.java:66)
	at org.gradle.api.internal.tasks.testing.SuiteTestClassProcessor.processTestClass(SuiteTestClassProcessor.java:51)
	at sun.reflect.GeneratedMethodAccessor6.invoke(Unknown Source)
	at sun.reflect.DelegatingMethodAccessorImpl.invoke(DelegatingMethodAccessorImpl.java:43)
	at java.lang.reflect.Method.invoke(Method.java:606)
	at org.gradle.internal.dispatch.ReflectionDispatch.dispatch(ReflectionDispatch.java:35)
	at org.gradle.internal.dispatch.ReflectionDispatch.dispatch(ReflectionDispatch.java:24)
	at org.gradle.internal.dispatch.ContextClassLoaderDispatch.dispatch(ContextClassLoaderDispatch.java:32)
	at org.gradle.internal.dispatch.ProxyDispatchAdapter$DispatchingInvocationHandler.invoke(ProxyDispatchAdapter.java:93)
	at com.sun.proxy.$Proxy2.processTestClass(Unknown Source)
	at org.gradle.api.internal.tasks.testing.worker.TestWorker.processTestClass(TestWorker.java:109)
	at sun.reflect.GeneratedMethodAccessor5.invoke(Unknown Source)
	at sun.reflect.DelegatingMethodAccessorImpl.invoke(DelegatingMethodAccessorImpl.java:43)
	at java.lang.reflect.Method.invoke(Method.java:606)
	at org.gradle.internal.dispatch.ReflectionDispatch.dispatch(ReflectionDispatch.java:35)
	at org.gradle.internal.dispatch.ReflectionDispatch.dispatch(ReflectionDispatch.java:24)
	at org.gradle.internal.remote.internal.hub.MessageHub$Handler.run(MessageHub.java:377)
	at org.gradle.internal.concurrent.ExecutorPolicy$CatchAndRecordFailures.onExecute(ExecutorPolicy.java:54)
	at org.gradle.internal.concurrent.StoppableExecutorImpl$1.run(StoppableExecutorImpl.java:40)
	at java.util.concurrent.ThreadPoolExecutor.runWorker(ThreadPoolExecutor.java:1145)
	at java.util.concurrent.ThreadPoolExecutor$Worker.run(ThreadPoolExecutor.java:615)
	at java.lang.Thread.run(Thread.java:745)

Nov 09, 2016 3:06:17 PM CLASS_NAME METHOD_NAME
SEVERE: 

	com.ford.purchasing.wips.domain.layer.exception.WipsDb2DatabaseException for user [UnKnown] self logged on Nov 09, 2016 03:06:17 PM.
	Exception instance reference code [13ECC4BA-2D87-EAB2-4871-F6464871F646].

com.ford.purchasing.wips.domain.layer.exception.WipsDb2DatabaseException: DATABASE ERROR
	at com.ford.purchasing.wips.domain.lumpsum.service.LumpSumDetailASTest.sqlExceptionWhenRetrievingLumpSumGsaAudit(LumpSumDetailASTest.java:258)
	at sun.reflect.NativeMethodAccessorImpl.invoke0(Native Method)
	at sun.reflect.NativeMethodAccessorImpl.invoke(NativeMethodAccessorImpl.java:57)
	at sun.reflect.DelegatingMethodAccessorImpl.invoke(DelegatingMethodAccessorImpl.java:43)
	at java.lang.reflect.Method.invoke(Method.java:606)
	at org.junit.runners.model.FrameworkMethod$1.runReflectiveCall(FrameworkMethod.java:50)
	at org.junit.internal.runners.model.ReflectiveCallable.run(ReflectiveCallable.java:12)
	at org.junit.runners.model.FrameworkMethod.invokeExplosively(FrameworkMethod.java:47)
	at org.junit.internal.runners.statements.InvokeMethod.evaluate(InvokeMethod.java:17)
	at org.junit.runners.ParentRunner.runLeaf(ParentRunner.java:325)
	at org.junit.runners.BlockJUnit4ClassRunner.runChild(BlockJUnit4ClassRunner.java:78)
	at org.junit.runners.BlockJUnit4ClassRunner.runChild(BlockJUnit4ClassRunner.java:57)
	at org.junit.runners.ParentRunner$3.run(ParentRunner.java:290)
	at org.junit.runners.ParentRunner$1.schedule(ParentRunner.java:71)
	at org.junit.runners.ParentRunner.runChildren(ParentRunner.java:288)
	at org.junit.runners.ParentRunner.access$000(ParentRunner.java:58)
	at org.junit.runners.ParentRunner$2.evaluate(ParentRunner.java:268)
	at org.junit.internal.runners.statements.RunBefores.evaluate(RunBefores.java:26)
	at org.junit.runners.ParentRunner.run(ParentRunner.java:363)
	at org.mockito.internal.runners.JUnit45AndHigherRunnerImpl.run(JUnit45AndHigherRunnerImpl.java:37)
	at org.mockito.runners.MockitoJUnitRunner.run(MockitoJUnitRunner.java:62)
	at org.gradle.api.internal.tasks.testing.junit.JUnitTestClassExecuter.runTestClass(JUnitTestClassExecuter.java:114)
	at org.gradle.api.internal.tasks.testing.junit.JUnitTestClassExecuter.execute(JUnitTestClassExecuter.java:57)
	at org.gradle.api.internal.tasks.testing.junit.JUnitTestClassProcessor.processTestClass(JUnitTestClassProcessor.java:66)
	at org.gradle.api.internal.tasks.testing.SuiteTestClassProcessor.processTestClass(SuiteTestClassProcessor.java:51)
	at sun.reflect.GeneratedMethodAccessor6.invoke(Unknown Source)
	at sun.reflect.DelegatingMethodAccessorImpl.invoke(DelegatingMethodAccessorImpl.java:43)
	at java.lang.reflect.Method.invoke(Method.java:606)
	at org.gradle.internal.dispatch.ReflectionDispatch.dispatch(ReflectionDispatch.java:35)
	at org.gradle.internal.dispatch.ReflectionDispatch.dispatch(ReflectionDispatch.java:24)
	at org.gradle.internal.dispatch.ContextClassLoaderDispatch.dispatch(ContextClassLoaderDispatch.java:32)
	at org.gradle.internal.dispatch.ProxyDispatchAdapter$DispatchingInvocationHandler.invoke(ProxyDispatchAdapter.java:93)
	at com.sun.proxy.$Proxy2.processTestClass(Unknown Source)
	at org.gradle.api.internal.tasks.testing.worker.TestWorker.processTestClass(TestWorker.java:109)
	at sun.reflect.GeneratedMethodAccessor5.invoke(Unknown Source)
	at sun.reflect.DelegatingMethodAccessorImpl.invoke(DelegatingMethodAccessorImpl.java:43)
	at java.lang.reflect.Method.invoke(Method.java:606)
	at org.gradle.internal.dispatch.ReflectionDispatch.dispatch(ReflectionDispatch.java:35)
	at org.gradle.internal.dispatch.ReflectionDispatch.dispatch(ReflectionDispatch.java:24)
	at org.gradle.internal.remote.internal.hub.MessageHub$Handler.run(MessageHub.java:377)
	at org.gradle.internal.concurrent.ExecutorPolicy$CatchAndRecordFailures.onExecute(ExecutorPolicy.java:54)
	at org.gradle.internal.concurrent.StoppableExecutorImpl$1.run(StoppableExecutorImpl.java:40)
	at java.util.concurrent.ThreadPoolExecutor.runWorker(ThreadPoolExecutor.java:1145)
	at java.util.concurrent.ThreadPoolExecutor$Worker.run(ThreadPoolExecutor.java:615)
	at java.lang.Thread.run(Thread.java:745)

Nov 09, 2016 3:06:17 PM com.ford.it.crypt.symmetric.SymmetricCrypt decrypt()
SEVERE: 

	com.ford.it.crypt.symmetric.CryptException for user [UnKnown] self logged on Nov 09, 2016 03:06:17 PM.
	Exception instance reference code [13ECC4BA-5C0E-0453-4871-F6484871F648].

com.ford.it.crypt.symmetric.CryptException: The string to decrypt must be a valid BASE64 encoded String (The length must be divisible by 4 and can only include characters A-Z, a-z, 0-9, +, /, =). Use the encrypt method to ensure a properly encrypted string to decrypt.
	at com.ford.it.crypt.symmetric.SymmetricCrypt.decrypt(SymmetricCrypt.java:328)
	at com.ford.purchasing.wips.common.layer.util.CryptUtil.decrypt(CryptUtil.java:43)
	at com.ford.purchasing.wips.common.layer.util.WipsUtil.decrpyt(WipsUtil.java:121)
	at com.ford.purchasing.wips.common.layer.WipsBaseRequest.getLterm(WipsBaseRequest.java:51)
	at com.ford.purchasing.wips.domain.layer.WipsBaseAS.populateEppsInput(WipsBaseAS.java:99)
	at com.ford.purchasing.wips.domain.layer.WipsBaseAS.executeEppsCallForAuthentication(WipsBaseAS.java:67)
	at com.ford.purchasing.wips.domain.lumpsum.service.LumpSumDetailAS.retrieveLatestAmendmentDetails(LumpSumDetailAS.java:557)
	at com.ford.purchasing.wips.domain.lumpsum.service.LumpSumDetailAS.retrieveLumpSumDetail(LumpSumDetailAS.java:135)
	at com.ford.purchasing.wips.domain.lumpsum.service.LumpSumDetailASTest.sqlExceptionWhenRetrievingLumpSumGsaAudit(LumpSumDetailASTest.java:264)
	at sun.reflect.NativeMethodAccessorImpl.invoke0(Native Method)
	at sun.reflect.NativeMethodAccessorImpl.invoke(NativeMethodAccessorImpl.java:57)
	at sun.reflect.DelegatingMethodAccessorImpl.invoke(DelegatingMethodAccessorImpl.java:43)
	at java.lang.reflect.Method.invoke(Method.java:606)
	at org.junit.runners.model.FrameworkMethod$1.runReflectiveCall(FrameworkMethod.java:50)
	at org.junit.internal.runners.model.ReflectiveCallable.run(ReflectiveCallable.java:12)
	at org.junit.runners.model.FrameworkMethod.invokeExplosively(FrameworkMethod.java:47)
	at org.junit.internal.runners.statements.InvokeMethod.evaluate(InvokeMethod.java:17)
	at org.junit.runners.ParentRunner.runLeaf(ParentRunner.java:325)
	at org.junit.runners.BlockJUnit4ClassRunner.runChild(BlockJUnit4ClassRunner.java:78)
	at org.junit.runners.BlockJUnit4ClassRunner.runChild(BlockJUnit4ClassRunner.java:57)
	at org.junit.runners.ParentRunner$3.run(ParentRunner.java:290)
	at org.junit.runners.ParentRunner$1.schedule(ParentRunner.java:71)
	at org.junit.runners.ParentRunner.runChildren(ParentRunner.java:288)
	at org.junit.runners.ParentRunner.access$000(ParentRunner.java:58)
	at org.junit.runners.ParentRunner$2.evaluate(ParentRunner.java:268)
	at org.junit.internal.runners.statements.RunBefores.evaluate(RunBefores.java:26)
	at org.junit.runners.ParentRunner.run(ParentRunner.java:363)
	at org.mockito.internal.runners.JUnit45AndHigherRunnerImpl.run(JUnit45AndHigherRunnerImpl.java:37)
	at org.mockito.runners.MockitoJUnitRunner.run(MockitoJUnitRunner.java:62)
	at org.gradle.api.internal.tasks.testing.junit.JUnitTestClassExecuter.runTestClass(JUnitTestClassExecuter.java:114)
	at org.gradle.api.internal.tasks.testing.junit.JUnitTestClassExecuter.execute(JUnitTestClassExecuter.java:57)
	at org.gradle.api.internal.tasks.testing.junit.JUnitTestClassProcessor.processTestClass(JUnitTestClassProcessor.java:66)
	at org.gradle.api.internal.tasks.testing.SuiteTestClassProcessor.processTestClass(SuiteTestClassProcessor.java:51)
	at sun.reflect.GeneratedMethodAccessor6.invoke(Unknown Source)
	at sun.reflect.DelegatingMethodAccessorImpl.invoke(DelegatingMethodAccessorImpl.java:43)
	at java.lang.reflect.Method.invoke(Method.java:606)
	at org.gradle.internal.dispatch.ReflectionDispatch.dispatch(ReflectionDispatch.java:35)
	at org.gradle.internal.dispatch.ReflectionDispatch.dispatch(ReflectionDispatch.java:24)
	at org.gradle.internal.dispatch.ContextClassLoaderDispatch.dispatch(ContextClassLoaderDispatch.java:32)
	at org.gradle.internal.dispatch.ProxyDispatchAdapter$DispatchingInvocationHandler.invoke(ProxyDispatchAdapter.java:93)
	at com.sun.proxy.$Proxy2.processTestClass(Unknown Source)
	at org.gradle.api.internal.tasks.testing.worker.TestWorker.processTestClass(TestWorker.java:109)
	at sun.reflect.GeneratedMethodAccessor5.invoke(Unknown Source)
	at sun.reflect.DelegatingMethodAccessorImpl.invoke(DelegatingMethodAccessorImpl.java:43)
	at java.lang.reflect.Method.invoke(Method.java:606)
	at org.gradle.internal.dispatch.ReflectionDispatch.dispatch(ReflectionDispatch.java:35)
	at org.gradle.internal.dispatch.ReflectionDispatch.dispatch(ReflectionDispatch.java:24)
	at org.gradle.internal.remote.internal.hub.MessageHub$Handler.run(MessageHub.java:377)
	at org.gradle.internal.concurrent.ExecutorPolicy$CatchAndRecordFailures.onExecute(ExecutorPolicy.java:54)
	at org.gradle.internal.concurrent.StoppableExecutorImpl$1.run(StoppableExecutorImpl.java:40)
	at java.util.concurrent.ThreadPoolExecutor.runWorker(ThreadPoolExecutor.java:1145)
	at java.util.concurrent.ThreadPoolExecutor$Worker.run(ThreadPoolExecutor.java:615)
	at java.lang.Thread.run(Thread.java:745)

Nov 09, 2016 3:06:18 PM CLASS_NAME METHOD_NAME
SEVERE: 

	com.ford.purchasing.wips.domain.layer.exception.WipsImsInterfaceException for user [UnKnown] self logged on Nov 09, 2016 03:06:18 PM.
	Exception instance reference code [13ECC4BA-1FC6-184C-4871-F6544871F654].

com.ford.purchasing.wips.domain.layer.exception.WipsImsInterfaceException: Security failure. RACF call failed
	at com.ford.purchasing.wips.domain.lumpsum.service.LumpSumDetailASTest.resourceExceptionDuringAuthentication_saveLumpsum(LumpSumDetailASTest.java:638)
	at sun.reflect.NativeMethodAccessorImpl.invoke0(Native Method)
	at sun.reflect.NativeMethodAccessorImpl.invoke(NativeMethodAccessorImpl.java:57)
	at sun.reflect.DelegatingMethodAccessorImpl.invoke(DelegatingMethodAccessorImpl.java:43)
	at java.lang.reflect.Method.invoke(Method.java:606)
	at org.junit.runners.model.FrameworkMethod$1.runReflectiveCall(FrameworkMethod.java:50)
	at org.junit.internal.runners.model.ReflectiveCallable.run(ReflectiveCallable.java:12)
	at org.junit.runners.model.FrameworkMethod.invokeExplosively(FrameworkMethod.java:47)
	at org.junit.internal.runners.statements.InvokeMethod.evaluate(InvokeMethod.java:17)
	at org.junit.runners.ParentRunner.runLeaf(ParentRunner.java:325)
	at org.junit.runners.BlockJUnit4ClassRunner.runChild(BlockJUnit4ClassRunner.java:78)
	at org.junit.runners.BlockJUnit4ClassRunner.runChild(BlockJUnit4ClassRunner.java:57)
	at org.junit.runners.ParentRunner$3.run(ParentRunner.java:290)
	at org.junit.runners.ParentRunner$1.schedule(ParentRunner.java:71)
	at org.junit.runners.ParentRunner.runChildren(ParentRunner.java:288)
	at org.junit.runners.ParentRunner.access$000(ParentRunner.java:58)
	at org.junit.runners.ParentRunner$2.evaluate(ParentRunner.java:268)
	at org.junit.internal.runners.statements.RunBefores.evaluate(RunBefores.java:26)
	at org.junit.runners.ParentRunner.run(ParentRunner.java:363)
	at org.mockito.internal.runners.JUnit45AndHigherRunnerImpl.run(JUnit45AndHigherRunnerImpl.java:37)
	at org.mockito.runners.MockitoJUnitRunner.run(MockitoJUnitRunner.java:62)
	at org.gradle.api.internal.tasks.testing.junit.JUnitTestClassExecuter.runTestClass(JUnitTestClassExecuter.java:114)
	at org.gradle.api.internal.tasks.testing.junit.JUnitTestClassExecuter.execute(JUnitTestClassExecuter.java:57)
	at org.gradle.api.internal.tasks.testing.junit.JUnitTestClassProcessor.processTestClass(JUnitTestClassProcessor.java:66)
	at org.gradle.api.internal.tasks.testing.SuiteTestClassProcessor.processTestClass(SuiteTestClassProcessor.java:51)
	at sun.reflect.GeneratedMethodAccessor6.invoke(Unknown Source)
	at sun.reflect.DelegatingMethodAccessorImpl.invoke(DelegatingMethodAccessorImpl.java:43)
	at java.lang.reflect.Method.invoke(Method.java:606)
	at org.gradle.internal.dispatch.ReflectionDispatch.dispatch(ReflectionDispatch.java:35)
	at org.gradle.internal.dispatch.ReflectionDispatch.dispatch(ReflectionDispatch.java:24)
	at org.gradle.internal.dispatch.ContextClassLoaderDispatch.dispatch(ContextClassLoaderDispatch.java:32)
	at org.gradle.internal.dispatch.ProxyDispatchAdapter$DispatchingInvocationHandler.invoke(ProxyDispatchAdapter.java:93)
	at com.sun.proxy.$Proxy2.processTestClass(Unknown Source)
	at org.gradle.api.internal.tasks.testing.worker.TestWorker.processTestClass(TestWorker.java:109)
	at sun.reflect.GeneratedMethodAccessor5.invoke(Unknown Source)
	at sun.reflect.DelegatingMethodAccessorImpl.invoke(DelegatingMethodAccessorImpl.java:43)
	at java.lang.reflect.Method.invoke(Method.java:606)
	at org.gradle.internal.dispatch.ReflectionDispatch.dispatch(ReflectionDispatch.java:35)
	at org.gradle.internal.dispatch.ReflectionDispatch.dispatch(ReflectionDispatch.java:24)
	at org.gradle.internal.remote.internal.hub.MessageHub$Handler.run(MessageHub.java:377)
	at org.gradle.internal.concurrent.ExecutorPolicy$CatchAndRecordFailures.onExecute(ExecutorPolicy.java:54)
	at org.gradle.internal.concurrent.StoppableExecutorImpl$1.run(StoppableExecutorImpl.java:40)
	at java.util.concurrent.ThreadPoolExecutor.runWorker(ThreadPoolExecutor.java:1145)
	at java.util.concurrent.ThreadPoolExecutor$Worker.run(ThreadPoolExecutor.java:615)
	at java.lang.Thread.run(Thread.java:745)

Nov 09, 2016 3:06:18 PM com.ford.it.crypt.symmetric.SymmetricCrypt decrypt()
SEVERE: 

	com.ford.it.crypt.symmetric.CryptException for user [UnKnown] self logged on Nov 09, 2016 03:06:18 PM.
	Exception instance reference code [13ECC4BA-21F3-70F1-4871-F6584871F658].

com.ford.it.crypt.symmetric.CryptException: The string to decrypt must be a valid BASE64 encoded String (The length must be divisible by 4 and can only include characters A-Z, a-z, 0-9, +, /, =). Use the encrypt method to ensure a properly encrypted string to decrypt.
	at com.ford.it.crypt.symmetric.SymmetricCrypt.decrypt(SymmetricCrypt.java:328)
	at com.ford.purchasing.wips.common.layer.util.CryptUtil.decrypt(CryptUtil.java:43)
	at com.ford.purchasing.wips.common.layer.util.WipsUtil.decrpyt(WipsUtil.java:121)
	at com.ford.purchasing.wips.common.layer.WipsBaseRequest.getLterm(WipsBaseRequest.java:51)
	at com.ford.purchasing.wips.domain.layer.WipsBaseAS.populateEppsInput(WipsBaseAS.java:99)
	at com.ford.purchasing.wips.domain.layer.WipsBaseAS.executeEppsCallForAuthentication(WipsBaseAS.java:67)
	at com.ford.purchasing.wips.domain.lumpsum.service.LumpSumDetailAS.retrieveLatestAmendmentDetails(LumpSumDetailAS.java:557)
	at com.ford.purchasing.wips.domain.lumpsum.service.LumpSumDetailAS.saveLumpSumDetails(LumpSumDetailAS.java:200)
	at com.ford.purchasing.wips.domain.lumpsum.service.LumpSumDetailASTest.resourceExceptionDuringAuthentication_saveLumpsum(LumpSumDetailASTest.java:645)
	at sun.reflect.NativeMethodAccessorImpl.invoke0(Native Method)
	at sun.reflect.NativeMethodAccessorImpl.invoke(NativeMethodAccessorImpl.java:57)
	at sun.reflect.DelegatingMethodAccessorImpl.invoke(DelegatingMethodAccessorImpl.java:43)
	at java.lang.reflect.Method.invoke(Method.java:606)
	at org.junit.runners.model.FrameworkMethod$1.runReflectiveCall(FrameworkMethod.java:50)
	at org.junit.internal.runners.model.ReflectiveCallable.run(ReflectiveCallable.java:12)
	at org.junit.runners.model.FrameworkMethod.invokeExplosively(FrameworkMethod.java:47)
	at org.junit.internal.runners.statements.InvokeMethod.evaluate(InvokeMethod.java:17)
	at org.junit.runners.ParentRunner.runLeaf(ParentRunner.java:325)
	at org.junit.runners.BlockJUnit4ClassRunner.runChild(BlockJUnit4ClassRunner.java:78)
	at org.junit.runners.BlockJUnit4ClassRunner.runChild(BlockJUnit4ClassRunner.java:57)
	at org.junit.runners.ParentRunner$3.run(ParentRunner.java:290)
	at org.junit.runners.ParentRunner$1.schedule(ParentRunner.java:71)
	at org.junit.runners.ParentRunner.runChildren(ParentRunner.java:288)
	at org.junit.runners.ParentRunner.access$000(ParentRunner.java:58)
	at org.junit.runners.ParentRunner$2.evaluate(ParentRunner.java:268)
	at org.junit.internal.runners.statements.RunBefores.evaluate(RunBefores.java:26)
	at org.junit.runners.ParentRunner.run(ParentRunner.java:363)
	at org.mockito.internal.runners.JUnit45AndHigherRunnerImpl.run(JUnit45AndHigherRunnerImpl.java:37)
	at org.mockito.runners.MockitoJUnitRunner.run(MockitoJUnitRunner.java:62)
	at org.gradle.api.internal.tasks.testing.junit.JUnitTestClassExecuter.runTestClass(JUnitTestClassExecuter.java:114)
	at org.gradle.api.internal.tasks.testing.junit.JUnitTestClassExecuter.execute(JUnitTestClassExecuter.java:57)
	at org.gradle.api.internal.tasks.testing.junit.JUnitTestClassProcessor.processTestClass(JUnitTestClassProcessor.java:66)
	at org.gradle.api.internal.tasks.testing.SuiteTestClassProcessor.processTestClass(SuiteTestClassProcessor.java:51)
	at sun.reflect.GeneratedMethodAccessor6.invoke(Unknown Source)
	at sun.reflect.DelegatingMethodAccessorImpl.invoke(DelegatingMethodAccessorImpl.java:43)
	at java.lang.reflect.Method.invoke(Method.java:606)
	at org.gradle.internal.dispatch.ReflectionDispatch.dispatch(ReflectionDispatch.java:35)
	at org.gradle.internal.dispatch.ReflectionDispatch.dispatch(ReflectionDispatch.java:24)
	at org.gradle.internal.dispatch.ContextClassLoaderDispatch.dispatch(ContextClassLoaderDispatch.java:32)
	at org.gradle.internal.dispatch.ProxyDispatchAdapter$DispatchingInvocationHandler.invoke(ProxyDispatchAdapter.java:93)
	at com.sun.proxy.$Proxy2.processTestClass(Unknown Source)
	at org.gradle.api.internal.tasks.testing.worker.TestWorker.processTestClass(TestWorker.java:109)
	at sun.reflect.GeneratedMethodAccessor5.invoke(Unknown Source)
	at sun.reflect.DelegatingMethodAccessorImpl.invoke(DelegatingMethodAccessorImpl.java:43)
	at java.lang.reflect.Method.invoke(Method.java:606)
	at org.gradle.internal.dispatch.ReflectionDispatch.dispatch(ReflectionDispatch.java:35)
	at org.gradle.internal.dispatch.ReflectionDispatch.dispatch(ReflectionDispatch.java:24)
	at org.gradle.internal.remote.internal.hub.MessageHub$Handler.run(MessageHub.java:377)
	at org.gradle.internal.concurrent.ExecutorPolicy$CatchAndRecordFailures.onExecute(ExecutorPolicy.java:54)
	at org.gradle.internal.concurrent.StoppableExecutorImpl$1.run(StoppableExecutorImpl.java:40)
	at java.util.concurrent.ThreadPoolExecutor.runWorker(ThreadPoolExecutor.java:1145)
	at java.util.concurrent.ThreadPoolExecutor$Worker.run(ThreadPoolExecutor.java:615)
	at java.lang.Thread.run(Thread.java:745)

Nov 09, 2016 3:06:18 PM CLASS_NAME METHOD_NAME
SEVERE: 

	com.ford.purchasing.wips.domain.layer.exception.WipsImsInterfaceException for user [UnKnown] self logged on Nov 09, 2016 03:06:18 PM.
	Exception instance reference code [13ECC4BA-9081-9B91-4871-F6624871F662].

com.ford.purchasing.wips.domain.layer.exception.WipsImsInterfaceException: Security failure. RACF call failed
	at com.ford.purchasing.wips.domain.lumpsum.service.LumpSumDetailASTest.resourceExceptionDuringAuthentication_confirmPayment(LumpSumDetailASTest.java:587)
	at sun.reflect.NativeMethodAccessorImpl.invoke0(Native Method)
	at sun.reflect.NativeMethodAccessorImpl.invoke(NativeMethodAccessorImpl.java:57)
	at sun.reflect.DelegatingMethodAccessorImpl.invoke(DelegatingMethodAccessorImpl.java:43)
	at java.lang.reflect.Method.invoke(Method.java:606)
	at org.junit.runners.model.FrameworkMethod$1.runReflectiveCall(FrameworkMethod.java:50)
	at org.junit.internal.runners.model.ReflectiveCallable.run(ReflectiveCallable.java:12)
	at org.junit.runners.model.FrameworkMethod.invokeExplosively(FrameworkMethod.java:47)
	at org.junit.internal.runners.statements.InvokeMethod.evaluate(InvokeMethod.java:17)
	at org.junit.runners.ParentRunner.runLeaf(ParentRunner.java:325)
	at org.junit.runners.BlockJUnit4ClassRunner.runChild(BlockJUnit4ClassRunner.java:78)
	at org.junit.runners.BlockJUnit4ClassRunner.runChild(BlockJUnit4ClassRunner.java:57)
	at org.junit.runners.ParentRunner$3.run(ParentRunner.java:290)
	at org.junit.runners.ParentRunner$1.schedule(ParentRunner.java:71)
	at org.junit.runners.ParentRunner.runChildren(ParentRunner.java:288)
	at org.junit.runners.ParentRunner.access$000(ParentRunner.java:58)
	at org.junit.runners.ParentRunner$2.evaluate(ParentRunner.java:268)
	at org.junit.internal.runners.statements.RunBefores.evaluate(RunBefores.java:26)
	at org.junit.runners.ParentRunner.run(ParentRunner.java:363)
	at org.mockito.internal.runners.JUnit45AndHigherRunnerImpl.run(JUnit45AndHigherRunnerImpl.java:37)
	at org.mockito.runners.MockitoJUnitRunner.run(MockitoJUnitRunner.java:62)
	at org.gradle.api.internal.tasks.testing.junit.JUnitTestClassExecuter.runTestClass(JUnitTestClassExecuter.java:114)
	at org.gradle.api.internal.tasks.testing.junit.JUnitTestClassExecuter.execute(JUnitTestClassExecuter.java:57)
	at org.gradle.api.internal.tasks.testing.junit.JUnitTestClassProcessor.processTestClass(JUnitTestClassProcessor.java:66)
	at org.gradle.api.internal.tasks.testing.SuiteTestClassProcessor.processTestClass(SuiteTestClassProcessor.java:51)
	at sun.reflect.GeneratedMethodAccessor6.invoke(Unknown Source)
	at sun.reflect.DelegatingMethodAccessorImpl.invoke(DelegatingMethodAccessorImpl.java:43)
	at java.lang.reflect.Method.invoke(Method.java:606)
	at org.gradle.internal.dispatch.ReflectionDispatch.dispatch(ReflectionDispatch.java:35)
	at org.gradle.internal.dispatch.ReflectionDispatch.dispatch(ReflectionDispatch.java:24)
	at org.gradle.internal.dispatch.ContextClassLoaderDispatch.dispatch(ContextClassLoaderDispatch.java:32)
	at org.gradle.internal.dispatch.ProxyDispatchAdapter$DispatchingInvocationHandler.invoke(ProxyDispatchAdapter.java:93)
	at com.sun.proxy.$Proxy2.processTestClass(Unknown Source)
	at org.gradle.api.internal.tasks.testing.worker.TestWorker.processTestClass(TestWorker.java:109)
	at sun.reflect.GeneratedMethodAccessor5.invoke(Unknown Source)
	at sun.reflect.DelegatingMethodAccessorImpl.invoke(DelegatingMethodAccessorImpl.java:43)
	at java.lang.reflect.Method.invoke(Method.java:606)
	at org.gradle.internal.dispatch.ReflectionDispatch.dispatch(ReflectionDispatch.java:35)
	at org.gradle.internal.dispatch.ReflectionDispatch.dispatch(ReflectionDispatch.java:24)
	at org.gradle.internal.remote.internal.hub.MessageHub$Handler.run(MessageHub.java:377)
	at org.gradle.internal.concurrent.ExecutorPolicy$CatchAndRecordFailures.onExecute(ExecutorPolicy.java:54)
	at org.gradle.internal.concurrent.StoppableExecutorImpl$1.run(StoppableExecutorImpl.java:40)
	at java.util.concurrent.ThreadPoolExecutor.runWorker(ThreadPoolExecutor.java:1145)
	at java.util.concurrent.ThreadPoolExecutor$Worker.run(ThreadPoolExecutor.java:615)
	at java.lang.Thread.run(Thread.java:745)

Nov 09, 2016 3:06:18 PM com.ford.it.crypt.symmetric.SymmetricCrypt decrypt()
SEVERE: 

	com.ford.it.crypt.symmetric.CryptException for user [UnKnown] self logged on Nov 09, 2016 03:06:18 PM.
	Exception instance reference code [13ECC4BA-A90C-722B-4871-F6644871F664].

com.ford.it.crypt.symmetric.CryptException: The string to decrypt must be a valid BASE64 encoded String (The length must be divisible by 4 and can only include characters A-Z, a-z, 0-9, +, /, =). Use the encrypt method to ensure a properly encrypted string to decrypt.
	at com.ford.it.crypt.symmetric.SymmetricCrypt.decrypt(SymmetricCrypt.java:328)
	at com.ford.purchasing.wips.common.layer.util.CryptUtil.decrypt(CryptUtil.java:43)
	at com.ford.purchasing.wips.common.layer.util.WipsUtil.decrpyt(WipsUtil.java:121)
	at com.ford.purchasing.wips.common.layer.WipsBaseRequest.getLterm(WipsBaseRequest.java:51)
	at com.ford.purchasing.wips.domain.layer.WipsBaseAS.populateEppsInput(WipsBaseAS.java:99)
	at com.ford.purchasing.wips.domain.layer.WipsBaseAS.executeEppsCallForAuthentication(WipsBaseAS.java:67)
	at com.ford.purchasing.wips.domain.lumpsum.service.LumpSumDetailAS.retrieveLatestAmendmentDetails(LumpSumDetailAS.java:557)
	at com.ford.purchasing.wips.domain.lumpsum.service.LumpSumDetailAS.confirmPaymentDescription(LumpSumDetailAS.java:655)
	at com.ford.purchasing.wips.domain.lumpsum.service.LumpSumDetailASTest.resourceExceptionDuringAuthentication_confirmPayment(LumpSumDetailASTest.java:594)
	at sun.reflect.NativeMethodAccessorImpl.invoke0(Native Method)
	at sun.reflect.NativeMethodAccessorImpl.invoke(NativeMethodAccessorImpl.java:57)
	at sun.reflect.DelegatingMethodAccessorImpl.invoke(DelegatingMethodAccessorImpl.java:43)
	at java.lang.reflect.Method.invoke(Method.java:606)
	at org.junit.runners.model.FrameworkMethod$1.runReflectiveCall(FrameworkMethod.java:50)
	at org.junit.internal.runners.model.ReflectiveCallable.run(ReflectiveCallable.java:12)
	at org.junit.runners.model.FrameworkMethod.invokeExplosively(FrameworkMethod.java:47)
	at org.junit.internal.runners.statements.InvokeMethod.evaluate(InvokeMethod.java:17)
	at org.junit.runners.ParentRunner.runLeaf(ParentRunner.java:325)
	at org.junit.runners.BlockJUnit4ClassRunner.runChild(BlockJUnit4ClassRunner.java:78)
	at org.junit.runners.BlockJUnit4ClassRunner.runChild(BlockJUnit4ClassRunner.java:57)
	at org.junit.runners.ParentRunner$3.run(ParentRunner.java:290)
	at org.junit.runners.ParentRunner$1.schedule(ParentRunner.java:71)
	at org.junit.runners.ParentRunner.runChildren(ParentRunner.java:288)
	at org.junit.runners.ParentRunner.access$000(ParentRunner.java:58)
	at org.junit.runners.ParentRunner$2.evaluate(ParentRunner.java:268)
	at org.junit.internal.runners.statements.RunBefores.evaluate(RunBefores.java:26)
	at org.junit.runners.ParentRunner.run(ParentRunner.java:363)
	at org.mockito.internal.runners.JUnit45AndHigherRunnerImpl.run(JUnit45AndHigherRunnerImpl.java:37)
	at org.mockito.runners.MockitoJUnitRunner.run(MockitoJUnitRunner.java:62)
	at org.gradle.api.internal.tasks.testing.junit.JUnitTestClassExecuter.runTestClass(JUnitTestClassExecuter.java:114)
	at org.gradle.api.internal.tasks.testing.junit.JUnitTestClassExecuter.execute(JUnitTestClassExecuter.java:57)
	at org.gradle.api.internal.tasks.testing.junit.JUnitTestClassProcessor.processTestClass(JUnitTestClassProcessor.java:66)
	at org.gradle.api.internal.tasks.testing.SuiteTestClassProcessor.processTestClass(SuiteTestClassProcessor.java:51)
	at sun.reflect.GeneratedMethodAccessor6.invoke(Unknown Source)
	at sun.reflect.DelegatingMethodAccessorImpl.invoke(DelegatingMethodAccessorImpl.java:43)
	at java.lang.reflect.Method.invoke(Method.java:606)
	at org.gradle.internal.dispatch.ReflectionDispatch.dispatch(ReflectionDispatch.java:35)
	at org.gradle.internal.dispatch.ReflectionDispatch.dispatch(ReflectionDispatch.java:24)
	at org.gradle.internal.dispatch.ContextClassLoaderDispatch.dispatch(ContextClassLoaderDispatch.java:32)
	at org.gradle.internal.dispatch.ProxyDispatchAdapter$DispatchingInvocationHandler.invoke(ProxyDispatchAdapter.java:93)
	at com.sun.proxy.$Proxy2.processTestClass(Unknown Source)
	at org.gradle.api.internal.tasks.testing.worker.TestWorker.processTestClass(TestWorker.java:109)
	at sun.reflect.GeneratedMethodAccessor5.invoke(Unknown Source)
	at sun.reflect.DelegatingMethodAccessorImpl.invoke(DelegatingMethodAccessorImpl.java:43)
	at java.lang.reflect.Method.invoke(Method.java:606)
	at org.gradle.internal.dispatch.ReflectionDispatch.dispatch(ReflectionDispatch.java:35)
	at org.gradle.internal.dispatch.ReflectionDispatch.dispatch(ReflectionDispatch.java:24)
	at org.gradle.internal.remote.internal.hub.MessageHub$Handler.run(MessageHub.java:377)
	at org.gradle.internal.concurrent.ExecutorPolicy$CatchAndRecordFailures.onExecute(ExecutorPolicy.java:54)
	at org.gradle.internal.concurrent.StoppableExecutorImpl$1.run(StoppableExecutorImpl.java:40)
	at java.util.concurrent.ThreadPoolExecutor.runWorker(ThreadPoolExecutor.java:1145)
	at java.util.concurrent.ThreadPoolExecutor$Worker.run(ThreadPoolExecutor.java:615)
	at java.lang.Thread.run(Thread.java:745)

]]></system-err>
</testsuite>
